<?xml version="1.0" encoding="UTF-8"?>
<coverage generated="1746556791072" clover="3.2.0">
  <project timestamp="1746556791072" name="All files">
    <metrics statements="232" coveredstatements="96" conditionals="76" coveredconditionals="25" methods="24" coveredmethods="8" elements="332" coveredelements="129" complexity="0" loc="232" ncloc="232" packages="2" files="8" classes="8"/>
    <package name="server">
      <metrics statements="103" coveredstatements="8" conditionals="33" coveredconditionals="0" methods="17" coveredmethods="2"/>
      <file name="db.js" path="/Users/tpl522_6/Desktop/AstuteAbroad/server/db.js">
        <metrics statements="7" coveredstatements="6" conditionals="0" coveredconditionals="0" methods="2" coveredmethods="1"/>
        <line num="4" count="1" type="stmt"/>
        <line num="5" count="1" type="stmt"/>
        <line num="7" count="1" type="stmt"/>
        <line num="15" count="1" type="stmt"/>
        <line num="17" count="1" type="stmt"/>
        <line num="20" count="1" type="stmt"/>
        <line num="25" count="0" type="stmt"/>
      </file>
      <file name="logger.js" path="/Users/tpl522_6/Desktop/AstuteAbroad/server/logger.js">
        <metrics statements="2" coveredstatements="2" conditionals="0" coveredconditionals="0" methods="1" coveredmethods="1"/>
        <line num="3" count="2" type="stmt"/>
        <line num="9" count="1" type="stmt"/>
      </file>
      <file name="server.js" path="/Users/tpl522_6/Desktop/AstuteAbroad/server/server.js">
        <metrics statements="94" coveredstatements="0" conditionals="33" coveredconditionals="0" methods="14" coveredmethods="0"/>
        <line num="16" count="0" type="stmt"/>
        <line num="18" count="0" type="stmt"/>
        <line num="20" count="0" type="stmt"/>
        <line num="21" count="0" type="stmt"/>
        <line num="23" count="0" type="stmt"/>
        <line num="24" count="0" type="stmt"/>
        <line num="28" count="0" type="stmt"/>
        <line num="30" count="0" type="stmt"/>
        <line num="32" count="0" type="stmt"/>
        <line num="33" count="0" type="stmt"/>
        <line num="36" count="0" type="stmt"/>
        <line num="39" count="0" type="stmt"/>
        <line num="41" count="0" type="stmt"/>
        <line num="42" count="0" type="stmt"/>
        <line num="44" count="0" type="stmt"/>
        <line num="45" count="0" type="stmt"/>
        <line num="47" count="0" type="stmt"/>
        <line num="49" count="0" type="stmt"/>
        <line num="60" count="0" type="stmt"/>
        <line num="63" count="0" type="stmt"/>
        <line num="64" count="0" type="cond" truecount="0" falsecount="2"/>
        <line num="65" count="0" type="stmt"/>
        <line num="66" count="0" type="stmt"/>
        <line num="70" count="0" type="stmt"/>
        <line num="75" count="0" type="stmt"/>
        <line num="76" count="0" type="stmt"/>
        <line num="77" count="0" type="stmt"/>
        <line num="78" count="0" type="cond" truecount="0" falsecount="2"/>
        <line num="79" count="0" type="stmt"/>
        <line num="84" count="0" type="stmt"/>
        <line num="85" count="0" type="stmt"/>
        <line num="86" count="0" type="cond" truecount="0" falsecount="2"/>
        <line num="87" count="0" type="cond" truecount="0" falsecount="2"/>
        <line num="88" count="0" type="stmt"/>
        <line num="92" count="0" type="stmt"/>
        <line num="93" count="0" type="cond" truecount="0" falsecount="2"/>
        <line num="94" count="0" type="stmt"/>
        <line num="95" count="0" type="stmt"/>
        <line num="102" count="0" type="stmt"/>
        <line num="103" count="0" type="stmt"/>
        <line num="106" count="0" type="stmt"/>
        <line num="108" count="0" type="stmt"/>
        <line num="110" count="0" type="stmt"/>
        <line num="111" count="0" type="stmt"/>
        <line num="117" count="0" type="stmt"/>
        <line num="119" count="0" type="cond" truecount="0" falsecount="5"/>
        <line num="120" count="0" type="stmt"/>
        <line num="123" count="0" type="stmt"/>
        <line num="124" count="0" type="stmt"/>
        <line num="128" count="0" type="stmt"/>
        <line num="130" count="0" type="cond" truecount="0" falsecount="2"/>
        <line num="131" count="0" type="stmt"/>
        <line num="134" count="0" type="stmt"/>
        <line num="174" count="0" type="stmt"/>
        <line num="179" count="0" type="stmt"/>
        <line num="181" count="0" type="stmt"/>
        <line num="182" count="0" type="cond" truecount="0" falsecount="2"/>
        <line num="184" count="0" type="stmt"/>
        <line num="185" count="0" type="cond" truecount="0" falsecount="2"/>
        <line num="189" count="0" type="stmt"/>
        <line num="200" count="0" type="stmt"/>
        <line num="202" count="0" type="cond" truecount="0" falsecount="2"/>
        <line num="203" count="0" type="stmt"/>
        <line num="206" count="0" type="stmt"/>
        <line num="217" count="0" type="stmt"/>
        <line num="224" count="0" type="stmt"/>
        <line num="225" count="0" type="cond" truecount="0" falsecount="2"/>
        <line num="226" count="0" type="stmt"/>
        <line num="229" count="0" type="stmt"/>
        <line num="231" count="0" type="stmt"/>
        <line num="232" count="0" type="stmt"/>
        <line num="240" count="0" type="cond" truecount="0" falsecount="2"/>
        <line num="243" count="0" type="stmt"/>
        <line num="244" count="0" type="stmt"/>
        <line num="245" count="0" type="stmt"/>
        <line num="246" count="0" type="stmt"/>
        <line num="247" count="0" type="stmt"/>
        <line num="249" count="0" type="cond" truecount="0" falsecount="2"/>
        <line num="250" count="0" type="stmt"/>
        <line num="251" count="0" type="stmt"/>
        <line num="252" count="0" type="stmt"/>
        <line num="254" count="0" type="stmt"/>
        <line num="257" count="0" type="stmt"/>
        <line num="261" count="0" type="stmt"/>
        <line num="262" count="0" type="cond" truecount="0" falsecount="2"/>
        <line num="263" count="0" type="stmt"/>
        <line num="269" count="0" type="stmt"/>
        <line num="270" count="0" type="stmt"/>
        <line num="271" count="0" type="stmt"/>
        <line num="272" count="0" type="stmt"/>
        <line num="275" count="0" type="stmt"/>
        <line num="277" count="0" type="stmt"/>
        <line num="281" count="0" type="stmt"/>
        <line num="282" count="0" type="stmt"/>
      </file>
    </package>
    <package name="server.routes">
      <metrics statements="129" coveredstatements="88" conditionals="43" coveredconditionals="25" methods="7" coveredmethods="6"/>
      <file name="authRoutes.js" path="/Users/tpl522_6/Desktop/AstuteAbroad/server/routes/authRoutes.js">
        <metrics statements="23" coveredstatements="15" conditionals="10" coveredconditionals="5" methods="1" coveredmethods="1"/>
        <line num="5" count="1" type="stmt"/>
        <line num="8" count="1" type="stmt"/>
        <line num="10" count="2" type="cond" truecount="1" falsecount="1"/>
        <line num="11" count="2" type="cond" truecount="1" falsecount="1"/>
        <line num="16" count="2" type="cond" truecount="1" falsecount="1"/>
        <line num="17" count="0" type="stmt"/>
        <line num="18" count="0" type="stmt"/>
        <line num="22" count="2" type="stmt"/>
        <line num="23" count="2" type="stmt"/>
        <line num="24" count="2" type="stmt"/>
        <line num="25" count="2" type="stmt"/>
        <line num="28" count="2" type="cond" truecount="1" falsecount="1"/>
        <line num="29" count="0" type="stmt"/>
        <line num="30" count="0" type="stmt"/>
        <line num="34" count="2" type="cond" truecount="1" falsecount="1"/>
        <line num="35" count="0" type="stmt"/>
        <line num="36" count="0" type="stmt"/>
        <line num="40" count="2" type="stmt"/>
        <line num="49" count="2" type="stmt"/>
        <line num="51" count="2" type="stmt"/>
        <line num="52" count="2" type="stmt"/>
        <line num="56" count="0" type="stmt"/>
        <line num="57" count="0" type="stmt"/>
      </file>
      <file name="completedQuestions.js" path="/Users/tpl522_6/Desktop/AstuteAbroad/server/routes/completedQuestions.js">
        <metrics statements="14" coveredstatements="14" conditionals="2" coveredconditionals="2" methods="1" coveredmethods="1"/>
        <line num="5" count="1" type="stmt"/>
        <line num="7" count="1" type="stmt"/>
        <line num="8" count="3" type="stmt"/>
        <line num="11" count="3" type="stmt"/>
        <line num="12" count="3" type="stmt"/>
        <line num="13" count="3" type="stmt"/>
        <line num="16" count="2" type="cond" truecount="2" falsecount="0"/>
        <line num="17" count="1" type="stmt"/>
        <line num="20" count="1" type="stmt"/>
        <line num="22" count="1" type="stmt"/>
        <line num="38" count="1" type="stmt"/>
        <line num="41" count="1" type="stmt"/>
        <line num="43" count="1" type="stmt"/>
        <line num="44" count="1" type="stmt"/>
      </file>
      <file name="faveQuestions.js" path="/Users/tpl522_6/Desktop/AstuteAbroad/server/routes/faveQuestions.js">
        <metrics statements="43" coveredstatements="37" conditionals="8" coveredconditionals="8" methods="3" coveredmethods="3"/>
        <line num="5" count="1" type="stmt"/>
        <line num="8" count="1" type="stmt"/>
        <line num="9" count="2" type="stmt"/>
        <line num="10" count="2" type="stmt"/>
        <line num="12" count="2" type="stmt"/>
        <line num="13" count="2" type="stmt"/>
        <line num="14" count="2" type="stmt"/>
        <line num="16" count="2" type="cond" truecount="2" falsecount="0"/>
        <line num="17" count="1" type="stmt"/>
        <line num="19" count="1" type="stmt"/>
        <line num="21" count="1" type="stmt"/>
        <line num="27" count="1" type="stmt"/>
        <line num="28" count="1" type="stmt"/>
        <line num="30" count="0" type="stmt"/>
        <line num="31" count="0" type="stmt"/>
        <line num="36" count="1" type="stmt"/>
        <line num="37" count="2" type="stmt"/>
        <line num="39" count="2" type="stmt"/>
        <line num="40" count="2" type="stmt"/>
        <line num="41" count="2" type="stmt"/>
        <line num="43" count="2" type="cond" truecount="2" falsecount="0"/>
        <line num="44" count="1" type="stmt"/>
        <line num="46" count="1" type="stmt"/>
        <line num="48" count="1" type="stmt"/>
        <line num="55" count="1" type="stmt"/>
        <line num="56" count="1" type="stmt"/>
        <line num="58" count="0" type="stmt"/>
        <line num="59" count="0" type="stmt"/>
        <line num="64" count="1" type="stmt"/>
        <line num="65" count="3" type="stmt"/>
        <line num="67" count="3" type="stmt"/>
        <line num="68" count="3" type="stmt"/>
        <line num="69" count="3" type="stmt"/>
        <line num="71" count="3" type="cond" truecount="2" falsecount="0"/>
        <line num="72" count="1" type="stmt"/>
        <line num="74" count="2" type="stmt"/>
        <line num="76" count="2" type="stmt"/>
        <line num="81" count="2" type="stmt"/>
        <line num="82" count="2" type="cond" truecount="2" falsecount="0"/>
        <line num="83" count="1" type="stmt"/>
        <line num="85" count="1" type="stmt"/>
        <line num="88" count="0" type="stmt"/>
        <line num="91" count="0" type="stmt"/>
      </file>
      <file name="practiceAttempts.js" path="/Users/tpl522_6/Desktop/AstuteAbroad/server/routes/practiceAttempts.js">
        <metrics statements="27" coveredstatements="0" conditionals="13" coveredconditionals="0" methods="1" coveredmethods="0"/>
        <line num="5" count="0" type="stmt"/>
        <line num="6" count="0" type="stmt"/>
        <line num="8" count="0" type="stmt"/>
        <line num="14" count="0" type="stmt"/>
        <line num="16" count="0" type="cond" truecount="0" falsecount="5"/>
        <line num="17" count="0" type="stmt"/>
        <line num="20" count="0" type="stmt"/>
        <line num="21" count="0" type="stmt"/>
        <line num="25" count="0" type="stmt"/>
        <line num="26" count="0" type="cond" truecount="0" falsecount="2"/>
        <line num="27" count="0" type="stmt"/>
        <line num="30" count="0" type="stmt"/>
        <line num="32" count="0" type="stmt"/>
        <line num="37" count="0" type="stmt"/>
        <line num="38" count="0" type="stmt"/>
        <line num="39" count="0" type="cond" truecount="0" falsecount="2"/>
        <line num="41" count="0" type="stmt"/>
        <line num="42" count="0" type="stmt"/>
        <line num="44" count="0" type="stmt"/>
        <line num="45" count="0" type="cond" truecount="0" falsecount="2"/>
        <line num="47" count="0" type="stmt"/>
        <line num="58" count="0" type="stmt"/>
        <line num="69" count="0" type="stmt"/>
        <line num="70" count="0" type="cond" truecount="0" falsecount="2"/>
        <line num="72" count="0" type="stmt"/>
        <line num="74" count="0" type="stmt"/>
        <line num="75" count="0" type="stmt"/>
      </file>
      <file name="questions.js" path="/Users/tpl522_6/Desktop/AstuteAbroad/server/routes/questions.js">
        <metrics statements="22" coveredstatements="22" conditionals="10" coveredconditionals="10" methods="1" coveredmethods="1"/>
        <line num="5" count="1" type="stmt"/>
        <line num="7" count="1" type="stmt"/>
        <line num="9" count="4" type="stmt"/>
        <line num="11" count="4" type="stmt"/>
        <line num="12" count="4" type="stmt"/>
        <line num="15" count="4" type="cond" truecount="2" falsecount="0"/>
        <line num="16" count="1" type="stmt"/>
        <line num="17" count="1" type="stmt"/>
        <line num="20" count="4" type="cond" truecount="2" falsecount="0"/>
        <line num="21" count="1" type="stmt"/>
        <line num="22" count="1" type="stmt"/>
        <line num="25" count="4" type="cond" truecount="2" falsecount="0"/>
        <line num="29" count="4" type="stmt"/>
        <line num="37" count="4" type="cond" truecount="4" falsecount="0"/>
        <line num="38" count="1" type="stmt"/>
        <line num="39" count="1" type="stmt"/>
        <line num="40" count="1" type="stmt"/>
        <line num="43" count="4" type="stmt"/>
        <line num="44" count="4" type="stmt"/>
        <line num="45" count="3" type="stmt"/>
        <line num="47" count="1" type="stmt"/>
        <line num="48" count="1" type="stmt"/>
      </file>
    </package>
  </project>
</coverage>
