{"/Users/tpl522_6/Desktop/AstuteAbroad/server/db.js": {"path":"/Users/tpl522_6/Desktop/AstuteAbroad/server/db.js","statementMap":{"0":{"start":{"line":4,"column":0},"end":{"line":4,"column":15}},"1":{"start":{"line":5,"column":17},"end":{"line":5,"column":19}},"2":{"start":{"line":7,"column":26},"end":{"line":13,"column":1}},"3":{"start":{"line":15,"column":13},"end":{"line":15,"column":40}},"4":{"start":{"line":17,"column":0},"end":{"line":26,"column":4}},"5":{"start":{"line":20,"column":4},"end":{"line":22,"column":5}},"6":{"start":{"line":25,"column":4},"end":{"line":25,"column":67}}},"fnMap":{"0":{"name":"(anonymous_0)","decl":{"start":{"line":19,"column":8},"end":{"line":19,"column":9}},"loc":{"start":{"line":19,"column":14},"end":{"line":23,"column":3}},"line":19},"1":{"name":"(anonymous_1)","decl":{"start":{"line":24,"column":9},"end":{"line":24,"column":10}},"loc":{"start":{"line":24,"column":18},"end":{"line":26,"column":3}},"line":24}},"branchMap":{},"s":{"0":0,"1":0,"2":0,"3":0,"4":0,"5":0,"6":0},"f":{"0":0,"1":0},"b":{}}
,"/Users/tpl522_6/Desktop/AstuteAbroad/server/logger.js": {"path":"/Users/tpl522_6/Desktop/AstuteAbroad/server/logger.js","statementMap":{"0":{"start":{"line":3,"column":15},"end":{"line":16,"column":2}},"1":{"start":{"line":9,"column":8},"end":{"line":9,"column":59}}},"fnMap":{"0":{"name":"(anonymous_0)","decl":{"start":{"line":8,"column":6},"end":{"line":8,"column":7}},"loc":{"start":{"line":9,"column":8},"end":{"line":9,"column":59}},"line":9}},"branchMap":{},"s":{"0":0,"1":0},"f":{"0":0},"b":{}}
,"/Users/tpl522_6/Desktop/AstuteAbroad/server/server.js": {"path":"/Users/tpl522_6/Desktop/AstuteAbroad/server/server.js","statementMap":{"0":{"start":{"line":15,"column":0},"end":{"line":15,"column":15}},"1":{"start":{"line":17,"column":12},"end":{"line":17,"column":21}},"2":{"start":{"line":18,"column":0},"end":{"line":18,"column":15}},"3":{"start":{"line":19,"column":0},"end":{"line":19,"column":23}},"4":{"start":{"line":21,"column":0},"end":{"line":23,"column":2}},"5":{"start":{"line":22,"column":2},"end":{"line":22,"column":53}},"6":{"start":{"line":26,"column":0},"end":{"line":26,"column":26}},"7":{"start":{"line":28,"column":0},"end":{"line":28,"column":37}},"8":{"start":{"line":30,"column":0},"end":{"line":30,"column":45}},"9":{"start":{"line":31,"column":0},"end":{"line":31,"column":55}},"10":{"start":{"line":34,"column":20},"end":{"line":34,"column":62}},"11":{"start":{"line":37,"column":15},"end":{"line":37,"column":55}},"12":{"start":{"line":39,"column":15},"end":{"line":39,"column":37}},"13":{"start":{"line":40,"column":12},"end":{"line":40,"column":43}},"14":{"start":{"line":42,"column":0},"end":{"line":91,"column":2}},"15":{"start":{"line":43,"column":24},"end":{"line":43,"column":28}},"16":{"start":{"line":45,"column":18},"end":{"line":53,"column":3}},"17":{"start":{"line":56,"column":4},"end":{"line":74,"column":8}},"18":{"start":{"line":59,"column":8},"end":{"line":59,"column":47}},"19":{"start":{"line":60,"column":8},"end":{"line":63,"column":9}},"20":{"start":{"line":61,"column":10},"end":{"line":61,"column":35}},"21":{"start":{"line":62,"column":10},"end":{"line":62,"column":32}},"22":{"start":{"line":66,"column":8},"end":{"line":66,"column":78}},"23":{"start":{"line":68,"column":24},"end":{"line":68,"column":50}},"24":{"start":{"line":69,"column":27},"end":{"line":69,"column":74}},"25":{"start":{"line":70,"column":27},"end":{"line":70,"column":74}},"26":{"start":{"line":71,"column":8},"end":{"line":73,"column":9}},"27":{"start":{"line":72,"column":10},"end":{"line":72,"column":70}},"28":{"start":{"line":77,"column":2},"end":{"line":83,"column":4}},"29":{"start":{"line":79,"column":4},"end":{"line":79,"column":50}},"30":{"start":{"line":79,"column":26},"end":{"line":79,"column":50}},"31":{"start":{"line":80,"column":4},"end":{"line":82,"column":5}},"32":{"start":{"line":81,"column":6},"end":{"line":81,"column":32}},"33":{"start":{"line":85,"column":2},"end":{"line":90,"column":4}},"34":{"start":{"line":86,"column":4},"end":{"line":89,"column":5}},"35":{"start":{"line":87,"column":6},"end":{"line":87,"column":27}},"36":{"start":{"line":88,"column":6},"end":{"line":88,"column":28}},"37":{"start":{"line":94,"column":19},"end":{"line":94,"column":46}},"38":{"start":{"line":95,"column":2},"end":{"line":95,"column":55}},"39":{"start":{"line":98,"column":0},"end":{"line":98,"column":32}},"40":{"start":{"line":100,"column":15},"end":{"line":100,"column":65}},"41":{"start":{"line":102,"column":0},"end":{"line":225,"column":2}},"42":{"start":{"line":108,"column":6},"end":{"line":108,"column":14}},"43":{"start":{"line":110,"column":2},"end":{"line":112,"column":3}},"44":{"start":{"line":111,"column":4},"end":{"line":111,"column":70}},"45":{"start":{"line":114,"column":2},"end":{"line":224,"column":3}},"46":{"start":{"line":115,"column":24},"end":{"line":118,"column":5}},"47":{"start":{"line":119,"column":25},"end":{"line":119,"column":59}},"48":{"start":{"line":121,"column":4},"end":{"line":123,"column":5}},"49":{"start":{"line":122,"column":6},"end":{"line":122,"column":67}},"50":{"start":{"line":125,"column":19},"end":{"line":163,"column":5}},"51":{"start":{"line":165,"column":23},"end":{"line":168,"column":6}},"52":{"start":{"line":170,"column":21},"end":{"line":170,"column":58}},"53":{"start":{"line":172,"column":25},"end":{"line":172,"column":61}},"54":{"start":{"line":173,"column":25},"end":{"line":173,"column":72}},"55":{"start":{"line":175,"column":27},"end":{"line":175,"column":66}},"56":{"start":{"line":176,"column":23},"end":{"line":178,"column":12}},"57":{"start":{"line":180,"column":24},"end":{"line":189,"column":5}},"58":{"start":{"line":191,"column":29},"end":{"line":191,"column":69}},"59":{"start":{"line":193,"column":4},"end":{"line":195,"column":5}},"60":{"start":{"line":194,"column":6},"end":{"line":194,"column":28}},"61":{"start":{"line":197,"column":19},"end":{"line":206,"column":5}},"62":{"start":{"line":208,"column":4},"end":{"line":208,"column":28}},"63":{"start":{"line":215,"column":21},"end":{"line":215,"column":56}},"64":{"start":{"line":216,"column":4},"end":{"line":218,"column":5}},"65":{"start":{"line":217,"column":6},"end":{"line":217,"column":63}},"66":{"start":{"line":220,"column":4},"end":{"line":220,"column":49}},"67":{"start":{"line":222,"column":4},"end":{"line":222,"column":62}},"68":{"start":{"line":223,"column":4},"end":{"line":223,"column":65}},"69":{"start":{"line":227,"column":0},"end":{"line":229,"column":2}},"70":{"start":{"line":228,"column":2},"end":{"line":228,"column":56}}},"fnMap":{"0":{"name":"(anonymous_0)","decl":{"start":{"line":21,"column":13},"end":{"line":21,"column":14}},"loc":{"start":{"line":21,"column":27},"end":{"line":23,"column":1}},"line":21},"1":{"name":"(anonymous_1)","decl":{"start":{"line":42,"column":21},"end":{"line":42,"column":22}},"loc":{"start":{"line":42,"column":29},"end":{"line":91,"column":1}},"line":42},"2":{"name":"startRecognitionStream","decl":{"start":{"line":55,"column":11},"end":{"line":55,"column":33}},"loc":{"start":{"line":55,"column":36},"end":{"line":75,"column":3}},"line":55},"3":{"name":"(anonymous_3)","decl":{"start":{"line":58,"column":19},"end":{"line":58,"column":20}},"loc":{"start":{"line":58,"column":28},"end":{"line":64,"column":7}},"line":58},"4":{"name":"(anonymous_4)","decl":{"start":{"line":65,"column":18},"end":{"line":65,"column":19}},"loc":{"start":{"line":65,"column":28},"end":{"line":74,"column":7}},"line":65},"5":{"name":"(anonymous_5)","decl":{"start":{"line":77,"column":19},"end":{"line":77,"column":20}},"loc":{"start":{"line":77,"column":28},"end":{"line":83,"column":3}},"line":77},"6":{"name":"(anonymous_6)","decl":{"start":{"line":85,"column":17},"end":{"line":85,"column":18}},"loc":{"start":{"line":85,"column":23},"end":{"line":90,"column":3}},"line":85},"7":{"name":"quickTest","decl":{"start":{"line":93,"column":15},"end":{"line":93,"column":24}},"loc":{"start":{"line":93,"column":27},"end":{"line":96,"column":1}},"line":93},"8":{"name":"(anonymous_8)","decl":{"start":{"line":102,"column":31},"end":{"line":102,"column":32}},"loc":{"start":{"line":102,"column":51},"end":{"line":225,"column":1}},"line":102},"9":{"name":"(anonymous_9)","decl":{"start":{"line":227,"column":20},"end":{"line":227,"column":21}},"loc":{"start":{"line":227,"column":26},"end":{"line":229,"column":1}},"line":227}},"branchMap":{"0":{"loc":{"start":{"line":60,"column":8},"end":{"line":63,"column":9}},"type":"if","locations":[{"start":{"line":60,"column":8},"end":{"line":63,"column":9}},{"start":{},"end":{}}],"line":60},"1":{"loc":{"start":{"line":71,"column":8},"end":{"line":73,"column":9}},"type":"if","locations":[{"start":{"line":71,"column":8},"end":{"line":73,"column":9}},{"start":{},"end":{}}],"line":71},"2":{"loc":{"start":{"line":79,"column":4},"end":{"line":79,"column":50}},"type":"if","locations":[{"start":{"line":79,"column":4},"end":{"line":79,"column":50}},{"start":{},"end":{}}],"line":79},"3":{"loc":{"start":{"line":80,"column":4},"end":{"line":82,"column":5}},"type":"if","locations":[{"start":{"line":80,"column":4},"end":{"line":82,"column":5}},{"start":{},"end":{}}],"line":80},"4":{"loc":{"start":{"line":86,"column":4},"end":{"line":89,"column":5}},"type":"if","locations":[{"start":{"line":86,"column":4},"end":{"line":89,"column":5}},{"start":{},"end":{}}],"line":86},"5":{"loc":{"start":{"line":110,"column":2},"end":{"line":112,"column":3}},"type":"if","locations":[{"start":{"line":110,"column":2},"end":{"line":112,"column":3}},{"start":{},"end":{}}],"line":110},"6":{"loc":{"start":{"line":110,"column":6},"end":{"line":110,"column":48}},"type":"binary-expr","locations":[{"start":{"line":110,"column":6},"end":{"line":110,"column":18}},{"start":{"line":110,"column":22},"end":{"line":110,"column":33}},{"start":{"line":110,"column":37},"end":{"line":110,"column":48}}],"line":110},"7":{"loc":{"start":{"line":121,"column":4},"end":{"line":123,"column":5}},"type":"if","locations":[{"start":{"line":121,"column":4},"end":{"line":123,"column":5}},{"start":{},"end":{}}],"line":121},"8":{"loc":{"start":{"line":173,"column":25},"end":{"line":173,"column":72}},"type":"cond-expr","locations":[{"start":{"line":173,"column":40},"end":{"line":173,"column":65}},{"start":{"line":173,"column":68},"end":{"line":173,"column":72}}],"line":173},"9":{"loc":{"start":{"line":176,"column":23},"end":{"line":178,"column":12}},"type":"cond-expr","locations":[{"start":{"line":177,"column":8},"end":{"line":177,"column":49}},{"start":{"line":178,"column":8},"end":{"line":178,"column":12}}],"line":176},"10":{"loc":{"start":{"line":193,"column":4},"end":{"line":195,"column":5}},"type":"if","locations":[{"start":{"line":193,"column":4},"end":{"line":195,"column":5}},{"start":{},"end":{}}],"line":193},"11":{"loc":{"start":{"line":216,"column":4},"end":{"line":218,"column":5}},"type":"if","locations":[{"start":{"line":216,"column":4},"end":{"line":218,"column":5}},{"start":{},"end":{}}],"line":216}},"s":{"0":0,"1":0,"2":0,"3":0,"4":0,"5":0,"6":0,"7":0,"8":0,"9":0,"10":0,"11":0,"12":0,"13":0,"14":0,"15":0,"16":0,"17":0,"18":0,"19":0,"20":0,"21":0,"22":0,"23":0,"24":0,"25":0,"26":0,"27":0,"28":0,"29":0,"30":0,"31":0,"32":0,"33":0,"34":0,"35":0,"36":0,"37":0,"38":0,"39":0,"40":0,"41":0,"42":0,"43":0,"44":0,"45":0,"46":0,"47":0,"48":0,"49":0,"50":0,"51":0,"52":0,"53":0,"54":0,"55":0,"56":0,"57":0,"58":0,"59":0,"60":0,"61":0,"62":0,"63":0,"64":0,"65":0,"66":0,"67":0,"68":0,"69":0,"70":0},"f":{"0":0,"1":0,"2":0,"3":0,"4":0,"5":0,"6":0,"7":0,"8":0,"9":0},"b":{"0":[0,0],"1":[0,0],"2":[0,0],"3":[0,0],"4":[0,0],"5":[0,0],"6":[0,0,0],"7":[0,0],"8":[0,0],"9":[0,0],"10":[0,0],"11":[0,0]}}
,"/Users/tpl522_6/Desktop/AstuteAbroad/server/routes/authRoutes.js": {"path":"/Users/tpl522_6/Desktop/AstuteAbroad/server/routes/authRoutes.js","statementMap":{"0":{"start":{"line":5,"column":15},"end":{"line":5,"column":31}},"1":{"start":{"line":8,"column":0},"end":{"line":56,"column":2}},"2":{"start":{"line":9,"column":44},"end":{"line":9,"column":52}},"3":{"start":{"line":11,"column":2},"end":{"line":13,"column":3}},"4":{"start":{"line":12,"column":4},"end":{"line":12,"column":69}},"5":{"start":{"line":16,"column":21},"end":{"line":16,"column":52}},"6":{"start":{"line":17,"column":18},"end":{"line":19,"column":10}},"7":{"start":{"line":22,"column":2},"end":{"line":25,"column":3}},"8":{"start":{"line":23,"column":4},"end":{"line":23,"column":42}},"9":{"start":{"line":24,"column":4},"end":{"line":24,"column":49}},"10":{"start":{"line":28,"column":2},"end":{"line":55,"column":3}},"11":{"start":{"line":29,"column":25},"end":{"line":29,"column":66}},"12":{"start":{"line":30,"column":41},"end":{"line":30,"column":53}},"13":{"start":{"line":33,"column":4},"end":{"line":36,"column":5}},"14":{"start":{"line":34,"column":6},"end":{"line":34,"column":66}},"15":{"start":{"line":35,"column":6},"end":{"line":35,"column":71}},"16":{"start":{"line":38,"column":4},"end":{"line":41,"column":5}},"17":{"start":{"line":39,"column":6},"end":{"line":39,"column":68}},"18":{"start":{"line":40,"column":6},"end":{"line":40,"column":73}},"19":{"start":{"line":44,"column":4},"end":{"line":47,"column":5}},"20":{"start":{"line":48,"column":4},"end":{"line":48,"column":66}},"21":{"start":{"line":49,"column":4},"end":{"line":51,"column":77}},"22":{"start":{"line":53,"column":4},"end":{"line":53,"column":46}},"23":{"start":{"line":54,"column":4},"end":{"line":54,"column":75}}},"fnMap":{"0":{"name":"(anonymous_0)","decl":{"start":{"line":8,"column":21},"end":{"line":8,"column":22}},"loc":{"start":{"line":8,"column":41},"end":{"line":56,"column":1}},"line":8}},"branchMap":{"0":{"loc":{"start":{"line":11,"column":2},"end":{"line":13,"column":3}},"type":"if","locations":[{"start":{"line":11,"column":2},"end":{"line":13,"column":3}},{"start":{},"end":{}}],"line":11},"1":{"loc":{"start":{"line":11,"column":6},"end":{"line":11,"column":42}},"type":"binary-expr","locations":[{"start":{"line":11,"column":6},"end":{"line":11,"column":12}},{"start":{"line":11,"column":16},"end":{"line":11,"column":25}},{"start":{"line":11,"column":29},"end":{"line":11,"column":42}}],"line":11},"2":{"loc":{"start":{"line":16,"column":21},"end":{"line":16,"column":52}},"type":"binary-expr","locations":[{"start":{"line":16,"column":21},"end":{"line":16,"column":46}},{"start":{"line":16,"column":50},"end":{"line":16,"column":52}}],"line":16},"3":{"loc":{"start":{"line":17,"column":18},"end":{"line":19,"column":10}},"type":"cond-expr","locations":[{"start":{"line":18,"column":6},"end":{"line":18,"column":36}},{"start":{"line":19,"column":6},"end":{"line":19,"column":10}}],"line":17},"4":{"loc":{"start":{"line":22,"column":2},"end":{"line":25,"column":3}},"type":"if","locations":[{"start":{"line":22,"column":2},"end":{"line":25,"column":3}},{"start":{},"end":{}}],"line":22},"5":{"loc":{"start":{"line":33,"column":4},"end":{"line":36,"column":5}},"type":"if","locations":[{"start":{"line":33,"column":4},"end":{"line":36,"column":5}},{"start":{},"end":{}}],"line":33},"6":{"loc":{"start":{"line":38,"column":4},"end":{"line":41,"column":5}},"type":"if","locations":[{"start":{"line":38,"column":4},"end":{"line":41,"column":5}},{"start":{},"end":{}}],"line":38}},"s":{"0":1,"1":1,"2":2,"3":2,"4":1,"5":1,"6":1,"7":1,"8":0,"9":0,"10":1,"11":1,"12":1,"13":1,"14":0,"15":0,"16":1,"17":0,"18":0,"19":1,"20":1,"21":1,"22":0,"23":0},"f":{"0":2},"b":{"0":[1,1],"1":[2,2,1],"2":[1,0],"3":[1,0],"4":[0,1],"5":[0,1],"6":[0,1]},"_coverageSchema":"1a1c01bbd47fc00a2c39e90264f33305004495a9","hash":"70bcd00340b4ebdb334913eb2b959cf6af0b7d21"}
,"/Users/tpl522_6/Desktop/AstuteAbroad/server/routes/completedQuestions.js": {"path":"/Users/tpl522_6/Desktop/AstuteAbroad/server/routes/completedQuestions.js","statementMap":{"0":{"start":{"line":5,"column":15},"end":{"line":5,"column":23}},"1":{"start":{"line":7,"column":0},"end":{"line":46,"column":2}},"2":{"start":{"line":8,"column":34},"end":{"line":8,"column":44}},"3":{"start":{"line":9,"column":2},"end":{"line":9,"column":69}},"4":{"start":{"line":11,"column":2},"end":{"line":45,"column":3}},"5":{"start":{"line":12,"column":22},"end":{"line":12,"column":68}},"6":{"start":{"line":13,"column":23},"end":{"line":13,"column":65}},"7":{"start":{"line":14,"column":4},"end":{"line":14,"column":38}},"8":{"start":{"line":16,"column":4},"end":{"line":18,"column":5}},"9":{"start":{"line":17,"column":6},"end":{"line":17,"column":63}},"10":{"start":{"line":20,"column":21},"end":{"line":20,"column":42}},"11":{"start":{"line":22,"column":18},"end":{"line":36,"column":5}},"12":{"start":{"line":38,"column":19},"end":{"line":38,"column":54}},"13":{"start":{"line":39,"column":4},"end":{"line":39,"column":59}},"14":{"start":{"line":41,"column":4},"end":{"line":41,"column":25}},"15":{"start":{"line":43,"column":4},"end":{"line":43,"column":76}},"16":{"start":{"line":44,"column":4},"end":{"line":44,"column":75}}},"fnMap":{"0":{"name":"(anonymous_0)","decl":{"start":{"line":7,"column":23},"end":{"line":7,"column":24}},"loc":{"start":{"line":7,"column":43},"end":{"line":46,"column":1}},"line":7}},"branchMap":{"0":{"loc":{"start":{"line":16,"column":4},"end":{"line":18,"column":5}},"type":"if","locations":[{"start":{"line":16,"column":4},"end":{"line":18,"column":5}},{"start":{},"end":{}}],"line":16}},"s":{"0":0,"1":0,"2":0,"3":0,"4":0,"5":0,"6":0,"7":0,"8":0,"9":0,"10":0,"11":0,"12":0,"13":0,"14":0,"15":0,"16":0},"f":{"0":0},"b":{"0":[0,0]}}
,"/Users/tpl522_6/Desktop/AstuteAbroad/server/routes/faveQuestions.js": {"path":"/Users/tpl522_6/Desktop/AstuteAbroad/server/routes/faveQuestions.js","statementMap":{"0":{"start":{"line":5,"column":15},"end":{"line":5,"column":23}},"1":{"start":{"line":8,"column":0},"end":{"line":33,"column":2}},"2":{"start":{"line":9,"column":34},"end":{"line":9,"column":44}},"3":{"start":{"line":10,"column":26},"end":{"line":10,"column":34}},"4":{"start":{"line":12,"column":2},"end":{"line":32,"column":3}},"5":{"start":{"line":13,"column":22},"end":{"line":13,"column":68}},"6":{"start":{"line":14,"column":23},"end":{"line":14,"column":65}},"7":{"start":{"line":16,"column":4},"end":{"line":18,"column":5}},"8":{"start":{"line":17,"column":6},"end":{"line":17,"column":63}},"9":{"start":{"line":19,"column":21},"end":{"line":19,"column":42}},"10":{"start":{"line":21,"column":24},"end":{"line":25,"column":5}},"11":{"start":{"line":27,"column":19},"end":{"line":27,"column":73}},"12":{"start":{"line":28,"column":4},"end":{"line":28,"column":40}},"13":{"start":{"line":30,"column":4},"end":{"line":30,"column":70}},"14":{"start":{"line":31,"column":4},"end":{"line":31,"column":67}},"15":{"start":{"line":36,"column":0},"end":{"line":61,"column":2}},"16":{"start":{"line":37,"column":34},"end":{"line":37,"column":44}},"17":{"start":{"line":39,"column":2},"end":{"line":60,"column":3}},"18":{"start":{"line":40,"column":22},"end":{"line":40,"column":68}},"19":{"start":{"line":41,"column":23},"end":{"line":41,"column":65}},"20":{"start":{"line":43,"column":4},"end":{"line":45,"column":5}},"21":{"start":{"line":44,"column":6},"end":{"line":44,"column":63}},"22":{"start":{"line":46,"column":21},"end":{"line":46,"column":42}},"23":{"start":{"line":48,"column":18},"end":{"line":54,"column":5}},"24":{"start":{"line":55,"column":19},"end":{"line":55,"column":54}},"25":{"start":{"line":56,"column":4},"end":{"line":56,"column":25}},"26":{"start":{"line":58,"column":4},"end":{"line":58,"column":70}},"27":{"start":{"line":59,"column":4},"end":{"line":59,"column":74}},"28":{"start":{"line":64,"column":0},"end":{"line":93,"column":2}},"29":{"start":{"line":65,"column":46},"end":{"line":65,"column":56}},"30":{"start":{"line":67,"column":2},"end":{"line":92,"column":3}},"31":{"start":{"line":68,"column":22},"end":{"line":68,"column":68}},"32":{"start":{"line":69,"column":23},"end":{"line":69,"column":65}},"33":{"start":{"line":71,"column":4},"end":{"line":73,"column":5}},"34":{"start":{"line":72,"column":6},"end":{"line":72,"column":63}},"35":{"start":{"line":74,"column":21},"end":{"line":74,"column":42}},"36":{"start":{"line":76,"column":18},"end":{"line":80,"column":5}},"37":{"start":{"line":81,"column":19},"end":{"line":81,"column":66}},"38":{"start":{"line":82,"column":4},"end":{"line":86,"column":5}},"39":{"start":{"line":83,"column":6},"end":{"line":83,"column":73}},"40":{"start":{"line":85,"column":6},"end":{"line":85,"column":75}},"41":{"start":{"line":88,"column":4},"end":{"line":90,"column":5}},"42":{"start":{"line":91,"column":4},"end":{"line":91,"column":69}}},"fnMap":{"0":{"name":"(anonymous_0)","decl":{"start":{"line":8,"column":24},"end":{"line":8,"column":25}},"loc":{"start":{"line":8,"column":44},"end":{"line":33,"column":1}},"line":8},"1":{"name":"(anonymous_1)","decl":{"start":{"line":36,"column":23},"end":{"line":36,"column":24}},"loc":{"start":{"line":36,"column":43},"end":{"line":61,"column":1}},"line":36},"2":{"name":"(anonymous_2)","decl":{"start":{"line":64,"column":38},"end":{"line":64,"column":39}},"loc":{"start":{"line":64,"column":58},"end":{"line":93,"column":1}},"line":64}},"branchMap":{"0":{"loc":{"start":{"line":16,"column":4},"end":{"line":18,"column":5}},"type":"if","locations":[{"start":{"line":16,"column":4},"end":{"line":18,"column":5}},{"start":{},"end":{}}],"line":16},"1":{"loc":{"start":{"line":43,"column":4},"end":{"line":45,"column":5}},"type":"if","locations":[{"start":{"line":43,"column":4},"end":{"line":45,"column":5}},{"start":{},"end":{}}],"line":43},"2":{"loc":{"start":{"line":71,"column":4},"end":{"line":73,"column":5}},"type":"if","locations":[{"start":{"line":71,"column":4},"end":{"line":73,"column":5}},{"start":{},"end":{}}],"line":71},"3":{"loc":{"start":{"line":82,"column":4},"end":{"line":86,"column":5}},"type":"if","locations":[{"start":{"line":82,"column":4},"end":{"line":86,"column":5}},{"start":{"line":84,"column":11},"end":{"line":86,"column":5}}],"line":82}},"s":{"0":0,"1":0,"2":0,"3":0,"4":0,"5":0,"6":0,"7":0,"8":0,"9":0,"10":0,"11":0,"12":0,"13":0,"14":0,"15":0,"16":0,"17":0,"18":0,"19":0,"20":0,"21":0,"22":0,"23":0,"24":0,"25":0,"26":0,"27":0,"28":0,"29":0,"30":0,"31":0,"32":0,"33":0,"34":0,"35":0,"36":0,"37":0,"38":0,"39":0,"40":0,"41":0,"42":0},"f":{"0":0,"1":0,"2":0},"b":{"0":[0,0],"1":[0,0],"2":[0,0],"3":[0,0]}}
,"/Users/tpl522_6/Desktop/AstuteAbroad/server/routes/questions.js": {"path":"/Users/tpl522_6/Desktop/AstuteAbroad/server/routes/questions.js","statementMap":{"0":{"start":{"line":5,"column":15},"end":{"line":5,"column":23}},"1":{"start":{"line":7,"column":0},"end":{"line":50,"column":2}},"2":{"start":{"line":9,"column":48},"end":{"line":9,"column":57}},"3":{"start":{"line":11,"column":21},"end":{"line":11,"column":23}},"4":{"start":{"line":12,"column":17},"end":{"line":12,"column":19}},"5":{"start":{"line":15,"column":2},"end":{"line":18,"column":3}},"6":{"start":{"line":16,"column":4},"end":{"line":16,"column":25}},"7":{"start":{"line":17,"column":4},"end":{"line":17,"column":51}},"8":{"start":{"line":20,"column":2},"end":{"line":23,"column":3}},"9":{"start":{"line":21,"column":4},"end":{"line":21,"column":27}},"10":{"start":{"line":22,"column":4},"end":{"line":22,"column":53}},"11":{"start":{"line":25,"column":22},"end":{"line":27,"column":8}},"12":{"start":{"line":29,"column":14},"end":{"line":29,"column":54}},"13":{"start":{"line":37,"column":2},"end":{"line":41,"column":3}},"14":{"start":{"line":38,"column":19},"end":{"line":38,"column":37}},"15":{"start":{"line":39,"column":4},"end":{"line":39,"column":72}},"16":{"start":{"line":40,"column":4},"end":{"line":40,"column":30}},"17":{"start":{"line":43,"column":2},"end":{"line":49,"column":3}},"18":{"start":{"line":44,"column":19},"end":{"line":44,"column":50}},"19":{"start":{"line":45,"column":4},"end":{"line":45,"column":25}},"20":{"start":{"line":47,"column":4},"end":{"line":47,"column":51}},"21":{"start":{"line":48,"column":4},"end":{"line":48,"column":64}}},"fnMap":{"0":{"name":"(anonymous_0)","decl":{"start":{"line":7,"column":16},"end":{"line":7,"column":17}},"loc":{"start":{"line":7,"column":36},"end":{"line":50,"column":1}},"line":7}},"branchMap":{"0":{"loc":{"start":{"line":15,"column":2},"end":{"line":18,"column":3}},"type":"if","locations":[{"start":{"line":15,"column":2},"end":{"line":18,"column":3}},{"start":{},"end":{}}],"line":15},"1":{"loc":{"start":{"line":20,"column":2},"end":{"line":23,"column":3}},"type":"if","locations":[{"start":{"line":20,"column":2},"end":{"line":23,"column":3}},{"start":{},"end":{}}],"line":20},"2":{"loc":{"start":{"line":25,"column":22},"end":{"line":27,"column":8}},"type":"cond-expr","locations":[{"start":{"line":26,"column":6},"end":{"line":26,"column":41}},{"start":{"line":27,"column":6},"end":{"line":27,"column":8}}],"line":25},"3":{"loc":{"start":{"line":37,"column":2},"end":{"line":41,"column":3}},"type":"if","locations":[{"start":{"line":37,"column":2},"end":{"line":41,"column":3}},{"start":{},"end":{}}],"line":37},"4":{"loc":{"start":{"line":37,"column":6},"end":{"line":37,"column":19}},"type":"binary-expr","locations":[{"start":{"line":37,"column":6},"end":{"line":37,"column":10}},{"start":{"line":37,"column":14},"end":{"line":37,"column":19}}],"line":37}},"s":{"0":0,"1":0,"2":0,"3":0,"4":0,"5":0,"6":0,"7":0,"8":0,"9":0,"10":0,"11":0,"12":0,"13":0,"14":0,"15":0,"16":0,"17":0,"18":0,"19":0,"20":0,"21":0},"f":{"0":0},"b":{"0":[0,0],"1":[0,0],"2":[0,0],"3":[0,0],"4":[0,0]}}
,"/Users/tpl522_6/Desktop/AstuteAbroad/server/routes/scrape.js": {"path":"/Users/tpl522_6/Desktop/AstuteAbroad/server/routes/scrape.js","statementMap":{"0":{"start":{"line":6,"column":15},"end":{"line":6,"column":31}},"1":{"start":{"line":8,"column":0},"end":{"line":47,"column":2}},"2":{"start":{"line":9,"column":2},"end":{"line":46,"column":3}},"3":{"start":{"line":10,"column":24},"end":{"line":10,"column":48}},"4":{"start":{"line":12,"column":23},"end":{"line":12,"column":24}},"5":{"start":{"line":13,"column":20},"end":{"line":13,"column":21}},"6":{"start":{"line":14,"column":20},"end":{"line":14,"column":21}},"7":{"start":{"line":16,"column":4},"end":{"line":33,"column":5}},"8":{"start":{"line":17,"column":6},"end":{"line":32,"column":7}},"9":{"start":{"line":18,"column":23},"end":{"line":23,"column":9}},"10":{"start":{"line":25,"column":8},"end":{"line":26,"column":24}},"11":{"start":{"line":25,"column":35},"end":{"line":25,"column":49}},"12":{"start":{"line":26,"column":13},"end":{"line":26,"column":24}},"13":{"start":{"line":28,"column":8},"end":{"line":28,"column":19}},"14":{"start":{"line":29,"column":8},"end":{"line":31,"column":9}},"15":{"start":{"line":35,"column":4},"end":{"line":37,"column":5}},"16":{"start":{"line":39,"column":4},"end":{"line":42,"column":6}},"17":{"start":{"line":44,"column":4},"end":{"line":44,"column":57}},"18":{"start":{"line":45,"column":4},"end":{"line":45,"column":54}}},"fnMap":{"0":{"name":"(anonymous_0)","decl":{"start":{"line":8,"column":16},"end":{"line":8,"column":17}},"loc":{"start":{"line":8,"column":36},"end":{"line":47,"column":1}},"line":8}},"branchMap":{"0":{"loc":{"start":{"line":25,"column":8},"end":{"line":26,"column":24}},"type":"if","locations":[{"start":{"line":25,"column":8},"end":{"line":26,"column":24}},{"start":{"line":26,"column":13},"end":{"line":26,"column":24}}],"line":25}},"s":{"0":0,"1":0,"2":0,"3":0,"4":0,"5":0,"6":0,"7":0,"8":0,"9":0,"10":0,"11":0,"12":0,"13":0,"14":0,"15":0,"16":0,"17":0,"18":0},"f":{"0":0},"b":{"0":[0,0]}}
}
