{"/Users/tpl522_6/Desktop/AstuteAbroad/server/app.js": {"path":"/Users/tpl522_6/Desktop/AstuteAbroad/server/app.js","statementMap":{"0":{"start":{"line":11,"column":0},"end":{"line":11,"column":15}},"1":{"start":{"line":13,"column":12},"end":{"line":13,"column":21}},"2":{"start":{"line":14,"column":0},"end":{"line":14,"column":15}},"3":{"start":{"line":15,"column":0},"end":{"line":15,"column":23}},"4":{"start":{"line":17,"column":0},"end":{"line":19,"column":2}},"5":{"start":{"line":18,"column":2},"end":{"line":18,"column":53}},"6":{"start":{"line":21,"column":0},"end":{"line":21,"column":26}},"7":{"start":{"line":22,"column":0},"end":{"line":22,"column":37}},"8":{"start":{"line":23,"column":0},"end":{"line":23,"column":45}},"9":{"start":{"line":24,"column":0},"end":{"line":24,"column":55}}},"fnMap":{"0":{"name":"(anonymous_0)","decl":{"start":{"line":17,"column":13},"end":{"line":17,"column":14}},"loc":{"start":{"line":17,"column":27},"end":{"line":19,"column":1}},"line":17}},"branchMap":{},"s":{"0":1,"1":1,"2":1,"3":1,"4":1,"5":1,"6":1,"7":1,"8":1,"9":1},"f":{"0":1},"b":{},"_coverageSchema":"1a1c01bbd47fc00a2c39e90264f33305004495a9","hash":"a057cb3700a95d2a68132a29932e8c563bc67369"}
,"/Users/tpl522_6/Desktop/AstuteAbroad/server/db.js": {"path":"/Users/tpl522_6/Desktop/AstuteAbroad/server/db.js","statementMap":{"0":{"start":{"line":4,"column":0},"end":{"line":4,"column":15}},"1":{"start":{"line":5,"column":17},"end":{"line":5,"column":19}},"2":{"start":{"line":7,"column":26},"end":{"line":13,"column":1}},"3":{"start":{"line":15,"column":13},"end":{"line":15,"column":40}},"4":{"start":{"line":17,"column":0},"end":{"line":26,"column":4}},"5":{"start":{"line":20,"column":4},"end":{"line":22,"column":5}},"6":{"start":{"line":25,"column":4},"end":{"line":25,"column":67}}},"fnMap":{"0":{"name":"(anonymous_0)","decl":{"start":{"line":19,"column":8},"end":{"line":19,"column":9}},"loc":{"start":{"line":19,"column":14},"end":{"line":23,"column":3}},"line":19},"1":{"name":"(anonymous_1)","decl":{"start":{"line":24,"column":9},"end":{"line":24,"column":10}},"loc":{"start":{"line":24,"column":18},"end":{"line":26,"column":3}},"line":24}},"branchMap":{},"s":{"0":2,"1":2,"2":2,"3":2,"4":2,"5":1,"6":0},"f":{"0":1,"1":0},"b":{},"_coverageSchema":"1a1c01bbd47fc00a2c39e90264f33305004495a9","hash":"2ed7053f041463515c2b3cc19038497d636c2ae8"}
,"/Users/tpl522_6/Desktop/AstuteAbroad/server/logger.js": {"path":"/Users/tpl522_6/Desktop/AstuteAbroad/server/logger.js","statementMap":{"0":{"start":{"line":3,"column":15},"end":{"line":16,"column":2}},"1":{"start":{"line":9,"column":8},"end":{"line":9,"column":59}}},"fnMap":{"0":{"name":"(anonymous_0)","decl":{"start":{"line":8,"column":6},"end":{"line":8,"column":7}},"loc":{"start":{"line":9,"column":8},"end":{"line":9,"column":59}},"line":9}},"branchMap":{},"s":{"0":3,"1":1},"f":{"0":1},"b":{},"_coverageSchema":"1a1c01bbd47fc00a2c39e90264f33305004495a9","hash":"9d12714a0865a3e1e32e22496833f6b157eefae3"}
,"/Users/tpl522_6/Desktop/AstuteAbroad/server/routes/authRoutes.js": {"path":"/Users/tpl522_6/Desktop/AstuteAbroad/server/routes/authRoutes.js","statementMap":{"0":{"start":{"line":5,"column":15},"end":{"line":5,"column":31}},"1":{"start":{"line":8,"column":0},"end":{"line":59,"column":2}},"2":{"start":{"line":10,"column":21},"end":{"line":10,"column":52}},"3":{"start":{"line":11,"column":18},"end":{"line":13,"column":10}},"4":{"start":{"line":16,"column":2},"end":{"line":19,"column":3}},"5":{"start":{"line":17,"column":4},"end":{"line":17,"column":42}},"6":{"start":{"line":18,"column":4},"end":{"line":18,"column":49}},"7":{"start":{"line":22,"column":2},"end":{"line":58,"column":3}},"8":{"start":{"line":23,"column":25},"end":{"line":23,"column":66}},"9":{"start":{"line":24,"column":4},"end":{"line":24,"column":48}},"10":{"start":{"line":25,"column":41},"end":{"line":25,"column":53}},"11":{"start":{"line":28,"column":4},"end":{"line":31,"column":5}},"12":{"start":{"line":29,"column":6},"end":{"line":29,"column":66}},"13":{"start":{"line":30,"column":6},"end":{"line":30,"column":71}},"14":{"start":{"line":34,"column":4},"end":{"line":37,"column":5}},"15":{"start":{"line":35,"column":6},"end":{"line":35,"column":68}},"16":{"start":{"line":36,"column":6},"end":{"line":36,"column":73}},"17":{"start":{"line":40,"column":19},"end":{"line":46,"column":5}},"18":{"start":{"line":49,"column":4},"end":{"line":49,"column":40}},"19":{"start":{"line":51,"column":4},"end":{"line":51,"column":66}},"20":{"start":{"line":52,"column":4},"end":{"line":54,"column":77}},"21":{"start":{"line":56,"column":4},"end":{"line":56,"column":46}},"22":{"start":{"line":57,"column":4},"end":{"line":57,"column":75}}},"fnMap":{"0":{"name":"(anonymous_0)","decl":{"start":{"line":8,"column":21},"end":{"line":8,"column":22}},"loc":{"start":{"line":8,"column":41},"end":{"line":59,"column":1}},"line":8}},"branchMap":{"0":{"loc":{"start":{"line":10,"column":21},"end":{"line":10,"column":52}},"type":"binary-expr","locations":[{"start":{"line":10,"column":21},"end":{"line":10,"column":46}},{"start":{"line":10,"column":50},"end":{"line":10,"column":52}}],"line":10},"1":{"loc":{"start":{"line":11,"column":18},"end":{"line":13,"column":10}},"type":"cond-expr","locations":[{"start":{"line":12,"column":6},"end":{"line":12,"column":36}},{"start":{"line":13,"column":6},"end":{"line":13,"column":10}}],"line":11},"2":{"loc":{"start":{"line":16,"column":2},"end":{"line":19,"column":3}},"type":"if","locations":[{"start":{"line":16,"column":2},"end":{"line":19,"column":3}},{"start":{},"end":{}}],"line":16},"3":{"loc":{"start":{"line":28,"column":4},"end":{"line":31,"column":5}},"type":"if","locations":[{"start":{"line":28,"column":4},"end":{"line":31,"column":5}},{"start":{},"end":{}}],"line":28},"4":{"loc":{"start":{"line":34,"column":4},"end":{"line":37,"column":5}},"type":"if","locations":[{"start":{"line":34,"column":4},"end":{"line":37,"column":5}},{"start":{},"end":{}}],"line":34}},"s":{"0":2,"1":2,"2":4,"3":4,"4":4,"5":1,"6":1,"7":3,"8":3,"9":3,"10":3,"11":3,"12":1,"13":1,"14":2,"15":1,"16":1,"17":1,"18":1,"19":1,"20":1,"21":0,"22":0},"f":{"0":4},"b":{"0":[4,1],"1":[3,1],"2":[1,3],"3":[1,2],"4":[1,1]},"_coverageSchema":"1a1c01bbd47fc00a2c39e90264f33305004495a9","hash":"4133c7d2057840de12016945197614da6a96868a"}
,"/Users/tpl522_6/Desktop/AstuteAbroad/server/routes/completedQuestions.js": {"path":"/Users/tpl522_6/Desktop/AstuteAbroad/server/routes/completedQuestions.js","statementMap":{"0":{"start":{"line":5,"column":15},"end":{"line":5,"column":23}},"1":{"start":{"line":7,"column":0},"end":{"line":46,"column":2}},"2":{"start":{"line":8,"column":34},"end":{"line":8,"column":44}},"3":{"start":{"line":11,"column":2},"end":{"line":45,"column":3}},"4":{"start":{"line":12,"column":22},"end":{"line":12,"column":68}},"5":{"start":{"line":13,"column":23},"end":{"line":13,"column":65}},"6":{"start":{"line":16,"column":4},"end":{"line":18,"column":5}},"7":{"start":{"line":17,"column":6},"end":{"line":17,"column":63}},"8":{"start":{"line":20,"column":21},"end":{"line":20,"column":42}},"9":{"start":{"line":22,"column":18},"end":{"line":36,"column":5}},"10":{"start":{"line":38,"column":19},"end":{"line":38,"column":54}},"11":{"start":{"line":41,"column":4},"end":{"line":41,"column":25}},"12":{"start":{"line":43,"column":4},"end":{"line":43,"column":76}},"13":{"start":{"line":44,"column":4},"end":{"line":44,"column":75}}},"fnMap":{"0":{"name":"(anonymous_0)","decl":{"start":{"line":7,"column":23},"end":{"line":7,"column":24}},"loc":{"start":{"line":7,"column":43},"end":{"line":46,"column":1}},"line":7}},"branchMap":{"0":{"loc":{"start":{"line":16,"column":4},"end":{"line":18,"column":5}},"type":"if","locations":[{"start":{"line":16,"column":4},"end":{"line":18,"column":5}},{"start":{},"end":{}}],"line":16}},"s":{"0":2,"1":2,"2":3,"3":3,"4":3,"5":3,"6":2,"7":1,"8":1,"9":1,"10":1,"11":1,"12":1,"13":1},"f":{"0":3},"b":{"0":[1,1]},"_coverageSchema":"1a1c01bbd47fc00a2c39e90264f33305004495a9","hash":"8832005f02b919027939f277a233e0b70421932f"}
,"/Users/tpl522_6/Desktop/AstuteAbroad/server/routes/faveQuestions.js": {"path":"/Users/tpl522_6/Desktop/AstuteAbroad/server/routes/faveQuestions.js","statementMap":{"0":{"start":{"line":5,"column":15},"end":{"line":5,"column":23}},"1":{"start":{"line":8,"column":0},"end":{"line":33,"column":2}},"2":{"start":{"line":9,"column":34},"end":{"line":9,"column":44}},"3":{"start":{"line":10,"column":26},"end":{"line":10,"column":34}},"4":{"start":{"line":12,"column":2},"end":{"line":32,"column":3}},"5":{"start":{"line":13,"column":22},"end":{"line":13,"column":68}},"6":{"start":{"line":14,"column":23},"end":{"line":14,"column":65}},"7":{"start":{"line":16,"column":4},"end":{"line":18,"column":5}},"8":{"start":{"line":17,"column":6},"end":{"line":17,"column":63}},"9":{"start":{"line":19,"column":21},"end":{"line":19,"column":42}},"10":{"start":{"line":21,"column":24},"end":{"line":25,"column":5}},"11":{"start":{"line":27,"column":19},"end":{"line":27,"column":73}},"12":{"start":{"line":28,"column":4},"end":{"line":28,"column":40}},"13":{"start":{"line":30,"column":4},"end":{"line":30,"column":70}},"14":{"start":{"line":31,"column":4},"end":{"line":31,"column":67}},"15":{"start":{"line":36,"column":0},"end":{"line":61,"column":2}},"16":{"start":{"line":37,"column":34},"end":{"line":37,"column":44}},"17":{"start":{"line":39,"column":2},"end":{"line":60,"column":3}},"18":{"start":{"line":40,"column":22},"end":{"line":40,"column":68}},"19":{"start":{"line":41,"column":23},"end":{"line":41,"column":65}},"20":{"start":{"line":43,"column":4},"end":{"line":45,"column":5}},"21":{"start":{"line":44,"column":6},"end":{"line":44,"column":63}},"22":{"start":{"line":46,"column":21},"end":{"line":46,"column":42}},"23":{"start":{"line":48,"column":18},"end":{"line":54,"column":5}},"24":{"start":{"line":55,"column":19},"end":{"line":55,"column":54}},"25":{"start":{"line":56,"column":4},"end":{"line":56,"column":25}},"26":{"start":{"line":58,"column":4},"end":{"line":58,"column":70}},"27":{"start":{"line":59,"column":4},"end":{"line":59,"column":74}},"28":{"start":{"line":64,"column":0},"end":{"line":93,"column":2}},"29":{"start":{"line":65,"column":46},"end":{"line":65,"column":56}},"30":{"start":{"line":67,"column":2},"end":{"line":92,"column":3}},"31":{"start":{"line":68,"column":22},"end":{"line":68,"column":68}},"32":{"start":{"line":69,"column":23},"end":{"line":69,"column":65}},"33":{"start":{"line":71,"column":4},"end":{"line":73,"column":5}},"34":{"start":{"line":72,"column":6},"end":{"line":72,"column":63}},"35":{"start":{"line":74,"column":21},"end":{"line":74,"column":42}},"36":{"start":{"line":76,"column":18},"end":{"line":80,"column":5}},"37":{"start":{"line":81,"column":19},"end":{"line":81,"column":66}},"38":{"start":{"line":82,"column":4},"end":{"line":86,"column":5}},"39":{"start":{"line":83,"column":6},"end":{"line":83,"column":73}},"40":{"start":{"line":85,"column":6},"end":{"line":85,"column":75}},"41":{"start":{"line":88,"column":4},"end":{"line":90,"column":5}},"42":{"start":{"line":91,"column":4},"end":{"line":91,"column":69}}},"fnMap":{"0":{"name":"(anonymous_0)","decl":{"start":{"line":8,"column":24},"end":{"line":8,"column":25}},"loc":{"start":{"line":8,"column":44},"end":{"line":33,"column":1}},"line":8},"1":{"name":"(anonymous_1)","decl":{"start":{"line":36,"column":23},"end":{"line":36,"column":24}},"loc":{"start":{"line":36,"column":43},"end":{"line":61,"column":1}},"line":36},"2":{"name":"(anonymous_2)","decl":{"start":{"line":64,"column":38},"end":{"line":64,"column":39}},"loc":{"start":{"line":64,"column":58},"end":{"line":93,"column":1}},"line":64}},"branchMap":{"0":{"loc":{"start":{"line":16,"column":4},"end":{"line":18,"column":5}},"type":"if","locations":[{"start":{"line":16,"column":4},"end":{"line":18,"column":5}},{"start":{},"end":{}}],"line":16},"1":{"loc":{"start":{"line":43,"column":4},"end":{"line":45,"column":5}},"type":"if","locations":[{"start":{"line":43,"column":4},"end":{"line":45,"column":5}},{"start":{},"end":{}}],"line":43},"2":{"loc":{"start":{"line":71,"column":4},"end":{"line":73,"column":5}},"type":"if","locations":[{"start":{"line":71,"column":4},"end":{"line":73,"column":5}},{"start":{},"end":{}}],"line":71},"3":{"loc":{"start":{"line":82,"column":4},"end":{"line":86,"column":5}},"type":"if","locations":[{"start":{"line":82,"column":4},"end":{"line":86,"column":5}},{"start":{"line":84,"column":11},"end":{"line":86,"column":5}}],"line":82}},"s":{"0":2,"1":2,"2":2,"3":2,"4":2,"5":2,"6":2,"7":2,"8":1,"9":1,"10":1,"11":1,"12":1,"13":0,"14":0,"15":2,"16":2,"17":2,"18":2,"19":2,"20":2,"21":1,"22":1,"23":1,"24":1,"25":1,"26":0,"27":0,"28":2,"29":3,"30":3,"31":3,"32":3,"33":3,"34":1,"35":2,"36":2,"37":2,"38":2,"39":1,"40":1,"41":0,"42":0},"f":{"0":2,"1":2,"2":3},"b":{"0":[1,1],"1":[1,1],"2":[1,2],"3":[1,1]},"_coverageSchema":"1a1c01bbd47fc00a2c39e90264f33305004495a9","hash":"2886f7a13559ba8be59d7c45f3b91e950cac1d5b"}
,"/Users/tpl522_6/Desktop/AstuteAbroad/server/routes/practiceAttempts.js": {"path":"/Users/tpl522_6/Desktop/AstuteAbroad/server/routes/practiceAttempts.js","statementMap":{"0":{"start":{"line":5,"column":15},"end":{"line":5,"column":31}},"1":{"start":{"line":6,"column":15},"end":{"line":6,"column":65}},"2":{"start":{"line":8,"column":0},"end":{"line":77,"column":2}},"3":{"start":{"line":14,"column":6},"end":{"line":14,"column":14}},"4":{"start":{"line":16,"column":2},"end":{"line":18,"column":3}},"5":{"start":{"line":17,"column":4},"end":{"line":17,"column":70}},"6":{"start":{"line":20,"column":2},"end":{"line":76,"column":3}},"7":{"start":{"line":21,"column":24},"end":{"line":24,"column":5}},"8":{"start":{"line":25,"column":25},"end":{"line":25,"column":59}},"9":{"start":{"line":26,"column":4},"end":{"line":28,"column":5}},"10":{"start":{"line":27,"column":6},"end":{"line":27,"column":67}},"11":{"start":{"line":30,"column":19},"end":{"line":30,"column":48}},"12":{"start":{"line":32,"column":23},"end":{"line":35,"column":6}},"13":{"start":{"line":37,"column":21},"end":{"line":37,"column":58}},"14":{"start":{"line":38,"column":25},"end":{"line":38,"column":61}},"15":{"start":{"line":39,"column":25},"end":{"line":39,"column":72}},"16":{"start":{"line":41,"column":27},"end":{"line":41,"column":66}},"17":{"start":{"line":42,"column":23},"end":{"line":42,"column":67}},"18":{"start":{"line":44,"column":29},"end":{"line":44,"column":69}},"19":{"start":{"line":45,"column":4},"end":{"line":45,"column":54}},"20":{"start":{"line":45,"column":32},"end":{"line":45,"column":54}},"21":{"start":{"line":47,"column":24},"end":{"line":56,"column":5}},"22":{"start":{"line":58,"column":19},"end":{"line":67,"column":5}},"23":{"start":{"line":69,"column":21},"end":{"line":69,"column":56}},"24":{"start":{"line":70,"column":4},"end":{"line":70,"column":79}},"25":{"start":{"line":70,"column":22},"end":{"line":70,"column":79}},"26":{"start":{"line":72,"column":4},"end":{"line":72,"column":49}},"27":{"start":{"line":74,"column":4},"end":{"line":74,"column":62}},"28":{"start":{"line":75,"column":4},"end":{"line":75,"column":65}}},"fnMap":{"0":{"name":"(anonymous_0)","decl":{"start":{"line":8,"column":17},"end":{"line":8,"column":18}},"loc":{"start":{"line":8,"column":37},"end":{"line":77,"column":1}},"line":8}},"branchMap":{"0":{"loc":{"start":{"line":16,"column":2},"end":{"line":18,"column":3}},"type":"if","locations":[{"start":{"line":16,"column":2},"end":{"line":18,"column":3}},{"start":{},"end":{}}],"line":16},"1":{"loc":{"start":{"line":16,"column":6},"end":{"line":16,"column":48}},"type":"binary-expr","locations":[{"start":{"line":16,"column":6},"end":{"line":16,"column":18}},{"start":{"line":16,"column":22},"end":{"line":16,"column":33}},{"start":{"line":16,"column":37},"end":{"line":16,"column":48}}],"line":16},"2":{"loc":{"start":{"line":26,"column":4},"end":{"line":28,"column":5}},"type":"if","locations":[{"start":{"line":26,"column":4},"end":{"line":28,"column":5}},{"start":{},"end":{}}],"line":26},"3":{"loc":{"start":{"line":39,"column":25},"end":{"line":39,"column":72}},"type":"cond-expr","locations":[{"start":{"line":39,"column":40},"end":{"line":39,"column":65}},{"start":{"line":39,"column":68},"end":{"line":39,"column":72}}],"line":39},"4":{"loc":{"start":{"line":45,"column":4},"end":{"line":45,"column":54}},"type":"if","locations":[{"start":{"line":45,"column":4},"end":{"line":45,"column":54}},{"start":{},"end":{}}],"line":45},"5":{"loc":{"start":{"line":70,"column":4},"end":{"line":70,"column":79}},"type":"if","locations":[{"start":{"line":70,"column":4},"end":{"line":70,"column":79}},{"start":{},"end":{}}],"line":70}},"s":{"0":1,"1":1,"2":1,"3":5,"4":5,"5":1,"6":4,"7":4,"8":3,"9":3,"10":1,"11":2,"12":2,"13":2,"14":2,"15":2,"16":2,"17":2,"18":2,"19":2,"20":0,"21":2,"22":2,"23":2,"24":2,"25":1,"26":1,"27":1,"28":1},"f":{"0":5},"b":{"0":[1,4],"1":[5,5,5],"2":[1,2],"3":[0,2],"4":[0,2],"5":[1,1]},"_coverageSchema":"1a1c01bbd47fc00a2c39e90264f33305004495a9","hash":"e3eaf873141a3176f0e0889fb98d761db35474f3"}
,"/Users/tpl522_6/Desktop/AstuteAbroad/server/routes/questions.js": {"path":"/Users/tpl522_6/Desktop/AstuteAbroad/server/routes/questions.js","statementMap":{"0":{"start":{"line":5,"column":15},"end":{"line":5,"column":23}},"1":{"start":{"line":7,"column":0},"end":{"line":50,"column":2}},"2":{"start":{"line":9,"column":48},"end":{"line":9,"column":57}},"3":{"start":{"line":11,"column":21},"end":{"line":11,"column":23}},"4":{"start":{"line":12,"column":17},"end":{"line":12,"column":19}},"5":{"start":{"line":15,"column":2},"end":{"line":18,"column":3}},"6":{"start":{"line":16,"column":4},"end":{"line":16,"column":25}},"7":{"start":{"line":17,"column":4},"end":{"line":17,"column":51}},"8":{"start":{"line":20,"column":2},"end":{"line":23,"column":3}},"9":{"start":{"line":21,"column":4},"end":{"line":21,"column":27}},"10":{"start":{"line":22,"column":4},"end":{"line":22,"column":53}},"11":{"start":{"line":25,"column":22},"end":{"line":27,"column":8}},"12":{"start":{"line":29,"column":14},"end":{"line":29,"column":54}},"13":{"start":{"line":37,"column":2},"end":{"line":41,"column":3}},"14":{"start":{"line":38,"column":19},"end":{"line":38,"column":37}},"15":{"start":{"line":39,"column":4},"end":{"line":39,"column":72}},"16":{"start":{"line":40,"column":4},"end":{"line":40,"column":30}},"17":{"start":{"line":43,"column":2},"end":{"line":49,"column":3}},"18":{"start":{"line":44,"column":19},"end":{"line":44,"column":50}},"19":{"start":{"line":45,"column":4},"end":{"line":45,"column":25}},"20":{"start":{"line":47,"column":4},"end":{"line":47,"column":51}},"21":{"start":{"line":48,"column":4},"end":{"line":48,"column":64}}},"fnMap":{"0":{"name":"(anonymous_0)","decl":{"start":{"line":7,"column":16},"end":{"line":7,"column":17}},"loc":{"start":{"line":7,"column":36},"end":{"line":50,"column":1}},"line":7}},"branchMap":{"0":{"loc":{"start":{"line":15,"column":2},"end":{"line":18,"column":3}},"type":"if","locations":[{"start":{"line":15,"column":2},"end":{"line":18,"column":3}},{"start":{},"end":{}}],"line":15},"1":{"loc":{"start":{"line":20,"column":2},"end":{"line":23,"column":3}},"type":"if","locations":[{"start":{"line":20,"column":2},"end":{"line":23,"column":3}},{"start":{},"end":{}}],"line":20},"2":{"loc":{"start":{"line":25,"column":22},"end":{"line":27,"column":8}},"type":"cond-expr","locations":[{"start":{"line":26,"column":6},"end":{"line":26,"column":41}},{"start":{"line":27,"column":6},"end":{"line":27,"column":8}}],"line":25},"3":{"loc":{"start":{"line":37,"column":2},"end":{"line":41,"column":3}},"type":"if","locations":[{"start":{"line":37,"column":2},"end":{"line":41,"column":3}},{"start":{},"end":{}}],"line":37},"4":{"loc":{"start":{"line":37,"column":6},"end":{"line":37,"column":19}},"type":"binary-expr","locations":[{"start":{"line":37,"column":6},"end":{"line":37,"column":10}},{"start":{"line":37,"column":14},"end":{"line":37,"column":19}}],"line":37}},"s":{"0":2,"1":2,"2":4,"3":4,"4":4,"5":4,"6":1,"7":1,"8":4,"9":1,"10":1,"11":4,"12":4,"13":4,"14":1,"15":1,"16":1,"17":4,"18":4,"19":3,"20":1,"21":1},"f":{"0":4},"b":{"0":[1,3],"1":[1,3],"2":[1,3],"3":[1,3],"4":[4,1]},"_coverageSchema":"1a1c01bbd47fc00a2c39e90264f33305004495a9","hash":"fe710c0b07b5f42d5710e786ffbb4f609783566a"}
}
