TN:
SF:db.js
FN:19,(anonymous_0)
FN:24,(anonymous_1)
FNF:2
FNH:1
FNDA:1,(anonymous_0)
FNDA:0,(anonymous_1)
DA:4,1
DA:5,1
DA:7,1
DA:15,1
DA:17,1
DA:20,1
DA:25,0
LF:7
LH:6
BRF:0
BRH:0
end_of_record
TN:
SF:logger.js
FN:8,(anonymous_0)
FNF:1
FNH:1
FNDA:1,(anonymous_0)
DA:3,2
DA:9,1
LF:2
LH:2
BRF:0
BRH:0
end_of_record
TN:
SF:server.js
FN:23,(anonymous_0)
FN:44,(anonymous_1)
FN:59,startRecognitionStream
FN:62,(anonymous_3)
FN:69,(anonymous_4)
FN:84,(anonymous_5)
FN:92,(anonymous_6)
FN:101,quickTest
FN:110,(anonymous_8)
FN:243,(anonymous_9)
FN:261,(anonymous_10)
FN:262,(anonymous_11)
FN:269,(anonymous_12)
FN:281,(anonymous_13)
FNF:14
FNH:0
FNDA:0,(anonymous_0)
FNDA:0,(anonymous_1)
FNDA:0,startRecognitionStream
FNDA:0,(anonymous_3)
FNDA:0,(anonymous_4)
FNDA:0,(anonymous_5)
FNDA:0,(anonymous_6)
FNDA:0,quickTest
FNDA:0,(anonymous_8)
FNDA:0,(anonymous_9)
FNDA:0,(anonymous_10)
FNDA:0,(anonymous_11)
FNDA:0,(anonymous_12)
FNDA:0,(anonymous_13)
DA:16,0
DA:18,0
DA:20,0
DA:21,0
DA:23,0
DA:24,0
DA:28,0
DA:30,0
DA:32,0
DA:33,0
DA:36,0
DA:39,0
DA:41,0
DA:42,0
DA:44,0
DA:45,0
DA:47,0
DA:49,0
DA:60,0
DA:63,0
DA:64,0
DA:65,0
DA:66,0
DA:70,0
DA:75,0
DA:76,0
DA:77,0
DA:78,0
DA:79,0
DA:84,0
DA:85,0
DA:86,0
DA:87,0
DA:88,0
DA:92,0
DA:93,0
DA:94,0
DA:95,0
DA:102,0
DA:103,0
DA:106,0
DA:108,0
DA:110,0
DA:111,0
DA:117,0
DA:119,0
DA:120,0
DA:123,0
DA:124,0
DA:128,0
DA:130,0
DA:131,0
DA:134,0
DA:174,0
DA:179,0
DA:181,0
DA:182,0
DA:184,0
DA:185,0
DA:189,0
DA:200,0
DA:202,0
DA:203,0
DA:206,0
DA:217,0
DA:224,0
DA:225,0
DA:226,0
DA:229,0
DA:231,0
DA:232,0
DA:240,0
DA:243,0
DA:244,0
DA:245,0
DA:246,0
DA:247,0
DA:249,0
DA:250,0
DA:251,0
DA:252,0
DA:254,0
DA:257,0
DA:261,0
DA:262,0
DA:263,0
DA:269,0
DA:270,0
DA:271,0
DA:272,0
DA:275,0
DA:277,0
DA:281,0
DA:282,0
LF:94
LH:0
BRDA:64,0,0,0
BRDA:64,0,1,0
BRDA:78,1,0,0
BRDA:78,1,1,0
BRDA:86,2,0,0
BRDA:86,2,1,0
BRDA:87,3,0,0
BRDA:87,3,1,0
BRDA:93,4,0,0
BRDA:93,4,1,0
BRDA:119,5,0,0
BRDA:119,5,1,0
BRDA:119,6,0,0
BRDA:119,6,1,0
BRDA:119,6,2,0
BRDA:130,7,0,0
BRDA:130,7,1,0
BRDA:182,8,0,0
BRDA:182,8,1,0
BRDA:185,9,0,0
BRDA:185,9,1,0
BRDA:202,10,0,0
BRDA:202,10,1,0
BRDA:225,11,0,0
BRDA:225,11,1,0
BRDA:240,12,0,0
BRDA:240,12,1,0
BRDA:249,13,0,0
BRDA:249,13,1,0
BRDA:262,14,0,0
BRDA:262,14,1,0
BRDA:264,15,0,0
BRDA:264,15,1,0
BRF:33
BRH:0
end_of_record
TN:
SF:routes/authRoutes.js
FN:8,(anonymous_0)
FNF:1
FNH:1
FNDA:2,(anonymous_0)
DA:5,1
DA:8,1
DA:10,2
DA:11,2
DA:16,2
DA:17,0
DA:18,0
DA:22,2
DA:23,2
DA:24,2
DA:25,2
DA:28,2
DA:29,0
DA:30,0
DA:34,2
DA:35,0
DA:36,0
DA:40,2
DA:49,2
DA:51,2
DA:52,2
DA:56,0
DA:57,0
LF:23
LH:15
BRDA:10,0,0,2
BRDA:10,0,1,0
BRDA:11,1,0,2
BRDA:11,1,1,0
BRDA:16,2,0,0
BRDA:16,2,1,2
BRDA:28,3,0,0
BRDA:28,3,1,2
BRDA:34,4,0,0
BRDA:34,4,1,2
BRF:10
BRH:5
end_of_record
TN:
SF:routes/completedQuestions.js
FN:7,(anonymous_0)
FNF:1
FNH:1
FNDA:3,(anonymous_0)
DA:5,1
DA:7,1
DA:8,3
DA:11,3
DA:12,3
DA:13,3
DA:16,2
DA:17,1
DA:20,1
DA:22,1
DA:38,1
DA:41,1
DA:43,1
DA:44,1
LF:14
LH:14
BRDA:16,0,0,1
BRDA:16,0,1,1
BRF:2
BRH:2
end_of_record
TN:
SF:routes/faveQuestions.js
FN:8,(anonymous_0)
FN:36,(anonymous_1)
FN:64,(anonymous_2)
FNF:3
FNH:3
FNDA:2,(anonymous_0)
FNDA:2,(anonymous_1)
FNDA:3,(anonymous_2)
DA:5,1
DA:8,1
DA:9,2
DA:10,2
DA:12,2
DA:13,2
DA:14,2
DA:16,2
DA:17,1
DA:19,1
DA:21,1
DA:27,1
DA:28,1
DA:30,0
DA:31,0
DA:36,1
DA:37,2
DA:39,2
DA:40,2
DA:41,2
DA:43,2
DA:44,1
DA:46,1
DA:48,1
DA:55,1
DA:56,1
DA:58,0
DA:59,0
DA:64,1
DA:65,3
DA:67,3
DA:68,3
DA:69,3
DA:71,3
DA:72,1
DA:74,2
DA:76,2
DA:81,2
DA:82,2
DA:83,1
DA:85,1
DA:88,0
DA:91,0
LF:43
LH:37
BRDA:16,0,0,1
BRDA:16,0,1,1
BRDA:43,1,0,1
BRDA:43,1,1,1
BRDA:71,2,0,1
BRDA:71,2,1,2
BRDA:82,3,0,1
BRDA:82,3,1,1
BRF:8
BRH:8
end_of_record
TN:
SF:routes/practiceAttempts.js
FN:8,(anonymous_0)
FNF:1
FNH:0
FNDA:0,(anonymous_0)
DA:5,0
DA:6,0
DA:8,0
DA:14,0
DA:16,0
DA:17,0
DA:20,0
DA:21,0
DA:25,0
DA:26,0
DA:27,0
DA:30,0
DA:32,0
DA:37,0
DA:38,0
DA:39,0
DA:41,0
DA:42,0
DA:44,0
DA:45,0
DA:47,0
DA:58,0
DA:69,0
DA:70,0
DA:72,0
DA:74,0
DA:75,0
LF:27
LH:0
BRDA:16,0,0,0
BRDA:16,0,1,0
BRDA:16,1,0,0
BRDA:16,1,1,0
BRDA:16,1,2,0
BRDA:26,2,0,0
BRDA:26,2,1,0
BRDA:39,3,0,0
BRDA:39,3,1,0
BRDA:45,4,0,0
BRDA:45,4,1,0
BRDA:70,5,0,0
BRDA:70,5,1,0
BRF:13
BRH:0
end_of_record
TN:
SF:routes/questions.js
FN:7,(anonymous_0)
FNF:1
FNH:1
FNDA:4,(anonymous_0)
DA:5,1
DA:7,1
DA:9,4
DA:11,4
DA:12,4
DA:15,4
DA:16,1
DA:17,1
DA:20,4
DA:21,1
DA:22,1
DA:25,4
DA:29,4
DA:37,4
DA:38,1
DA:39,1
DA:40,1
DA:43,4
DA:44,4
DA:45,3
DA:47,1
DA:48,1
LF:22
LH:22
BRDA:15,0,0,1
BRDA:15,0,1,3
BRDA:20,1,0,1
BRDA:20,1,1,3
BRDA:25,2,0,1
BRDA:25,2,1,3
BRDA:37,3,0,1
BRDA:37,3,1,3
BRDA:37,4,0,4
BRDA:37,4,1,1
BRF:10
BRH:10
end_of_record
