TN:
SF:db.js
FN:19,(anonymous_0)
FN:24,(anonymous_1)
FNF:2
FNH:1
FNDA:1,(anonymous_0)
FNDA:0,(anonymous_1)
DA:4,1
DA:5,1
DA:7,1
DA:15,1
DA:17,1
DA:20,1
DA:25,0
LF:7
LH:6
BRF:0
BRH:0
end_of_record
TN:
SF:logger.js
FN:8,(anonymous_0)
FNF:1
FNH:1
FNDA:1,(anonymous_0)
DA:3,2
DA:9,1
LF:2
LH:2
BRF:0
BRH:0
end_of_record
TN:
SF:server.js
FN:25,(anonymous_0)
FN:32,(anonymous_1)
FN:65,(anonymous_2)
FN:78,startRecognitionStream
FN:81,(anonymous_4)
FN:88,(anonymous_5)
FN:100,(anonymous_6)
FN:108,(anonymous_7)
FN:116,quickTest
FN:125,(anonymous_9)
FN:251,(anonymous_10)
FNF:11
FNH:0
FNDA:0,(anonymous_0)
FNDA:0,(anonymous_1)
FNDA:0,(anonymous_2)
FNDA:0,startRecognitionStream
FNDA:0,(anonymous_4)
FNDA:0,(anonymous_5)
FNDA:0,(anonymous_6)
FNDA:0,(anonymous_7)
FNDA:0,quickTest
FNDA:0,(anonymous_9)
FNDA:0,(anonymous_10)
DA:17,0
DA:19,0
DA:20,0
DA:22,0
DA:23,0
DA:25,0
DA:26,0
DA:30,0
DA:32,0
DA:33,0
DA:34,0
DA:35,0
DA:37,0
DA:38,0
DA:39,0
DA:41,0
DA:44,0
DA:49,0
DA:51,0
DA:53,0
DA:54,0
DA:57,0
DA:60,0
DA:62,0
DA:63,0
DA:65,0
DA:66,0
DA:68,0
DA:79,0
DA:82,0
DA:83,0
DA:84,0
DA:85,0
DA:89,0
DA:91,0
DA:92,0
DA:93,0
DA:94,0
DA:95,0
DA:100,0
DA:102,0
DA:103,0
DA:104,0
DA:108,0
DA:109,0
DA:110,0
DA:111,0
DA:117,0
DA:118,0
DA:121,0
DA:123,0
DA:125,0
DA:131,0
DA:133,0
DA:134,0
DA:137,0
DA:138,0
DA:142,0
DA:144,0
DA:145,0
DA:148,0
DA:188,0
DA:193,0
DA:195,0
DA:196,0
DA:198,0
DA:199,0
DA:203,0
DA:214,0
DA:216,0
DA:217,0
DA:220,0
DA:231,0
DA:238,0
DA:239,0
DA:240,0
DA:243,0
DA:245,0
DA:246,0
DA:250,0
DA:251,0
DA:252,0
LF:82
LH:0
BRDA:20,0,0,0
BRDA:20,0,1,0
BRDA:37,1,0,0
BRDA:37,1,1,0
BRDA:83,2,0,0
BRDA:83,2,1,0
BRDA:94,3,0,0
BRDA:94,3,1,0
BRDA:102,4,0,0
BRDA:102,4,1,0
BRDA:103,5,0,0
BRDA:103,5,1,0
BRDA:109,6,0,0
BRDA:109,6,1,0
BRDA:133,7,0,0
BRDA:133,7,1,0
BRDA:133,8,0,0
BRDA:133,8,1,0
BRDA:133,8,2,0
BRDA:144,9,0,0
BRDA:144,9,1,0
BRDA:196,10,0,0
BRDA:196,10,1,0
BRDA:199,11,0,0
BRDA:199,11,1,0
BRDA:216,12,0,0
BRDA:216,12,1,0
BRDA:239,13,0,0
BRDA:239,13,1,0
BRF:29
BRH:0
end_of_record
TN:
SF:routes/authRoutes.js
FN:8,(anonymous_0)
FNF:1
FNH:1
FNDA:2,(anonymous_0)
DA:5,1
DA:8,1
DA:9,2
DA:11,2
DA:12,1
DA:16,1
DA:17,1
DA:22,1
DA:23,0
DA:24,0
DA:28,1
DA:29,1
DA:30,1
DA:31,1
DA:34,1
DA:35,0
DA:36,0
DA:40,1
DA:41,0
DA:42,0
DA:46,1
DA:55,1
DA:57,1
DA:58,1
DA:62,0
DA:63,0
LF:26
LH:18
BRDA:11,0,0,1
BRDA:11,0,1,1
BRDA:11,1,0,2
BRDA:11,1,1,2
BRDA:11,1,2,1
BRDA:16,2,0,1
BRDA:16,2,1,0
BRDA:17,3,0,1
BRDA:17,3,1,0
BRDA:22,4,0,0
BRDA:22,4,1,1
BRDA:34,5,0,0
BRDA:34,5,1,1
BRDA:40,6,0,0
BRDA:40,6,1,1
BRF:15
BRH:10
end_of_record
TN:
SF:routes/completedQuestions.js
FN:7,(anonymous_0)
FNF:1
FNH:1
FNDA:3,(anonymous_0)
DA:5,1
DA:7,1
DA:8,3
DA:9,3
DA:11,3
DA:12,3
DA:13,3
DA:14,2
DA:16,2
DA:17,1
DA:20,1
DA:22,1
DA:38,1
DA:39,1
DA:41,1
DA:43,1
DA:44,1
LF:17
LH:17
BRDA:16,0,0,1
BRDA:16,0,1,1
BRF:2
BRH:2
end_of_record
TN:
SF:routes/faveQuestions.js
FN:8,(anonymous_0)
FN:36,(anonymous_1)
FN:64,(anonymous_2)
FNF:3
FNH:3
FNDA:2,(anonymous_0)
FNDA:2,(anonymous_1)
FNDA:3,(anonymous_2)
DA:5,1
DA:8,1
DA:9,2
DA:10,2
DA:12,2
DA:13,2
DA:14,2
DA:16,2
DA:17,1
DA:19,1
DA:21,1
DA:27,1
DA:28,1
DA:30,0
DA:31,0
DA:36,1
DA:37,2
DA:39,2
DA:40,2
DA:41,2
DA:43,2
DA:44,1
DA:46,1
DA:48,1
DA:55,1
DA:56,1
DA:58,0
DA:59,0
DA:64,1
DA:65,3
DA:67,3
DA:68,3
DA:69,3
DA:71,3
DA:72,1
DA:74,2
DA:76,2
DA:81,2
DA:82,2
DA:83,1
DA:85,1
DA:88,0
DA:91,0
LF:43
LH:37
BRDA:16,0,0,1
BRDA:16,0,1,1
BRDA:43,1,0,1
BRDA:43,1,1,1
BRDA:71,2,0,1
BRDA:71,2,1,2
BRDA:82,3,0,1
BRDA:82,3,1,1
BRF:8
BRH:8
end_of_record
TN:
SF:routes/questions.js
FN:7,(anonymous_0)
FNF:1
FNH:1
FNDA:4,(anonymous_0)
DA:5,1
DA:7,1
DA:9,4
DA:11,4
DA:12,4
DA:15,4
DA:16,1
DA:17,1
DA:20,4
DA:21,1
DA:22,1
DA:25,4
DA:29,4
DA:37,4
DA:38,1
DA:39,1
DA:40,1
DA:43,4
DA:44,4
DA:45,3
DA:47,1
DA:48,1
LF:22
LH:22
BRDA:15,0,0,1
BRDA:15,0,1,3
BRDA:20,1,0,1
BRDA:20,1,1,3
BRDA:25,2,0,1
BRDA:25,2,1,3
BRDA:37,3,0,1
BRDA:37,3,1,3
BRDA:37,4,0,4
BRDA:37,4,1,1
BRF:10
BRH:10
end_of_record
