TN:
SF:babel.config.js
FN:1,(empty-report)
FNF:1
FNH:0
FNDA:0,(empty-report)
DA:1,0
DA:2,0
DA:3,0
DA:4,0
LF:4
LH:0
BRDA:1,0,0,0
BRF:1
BRH:0
end_of_record
TN:
SF:src/App.jsx
FN:11,Home
FN:89,onClick
FN:100,App
FN:114,handleClickOutside
FN:127,handleLogout
FN:136,closeMenuAndNavigate
FN:162,onClick
FN:206,onClick
FN:216,onClick
FN:232,onClick
FN:249,onClick
FN:256,onClick
FN:266,onClick
FN:273,onClick
FN:285,onClick
FNF:15
FNH:5
FNDA:2,Home
FNDA:1,onClick
FNDA:13,App
FNDA:0,handleClickOutside
FNDA:1,handleLogout
FNDA:0,closeMenuAndNavigate
FNDA:2,onClick
FNDA:0,onClick
FNDA:0,onClick
FNDA:0,onClick
FNDA:0,onClick
FNDA:0,onClick
FNDA:0,onClick
FNDA:0,onClick
FNDA:0,onClick
DA:1,1
DA:2,1
DA:3,1
DA:4,1
DA:5,1
DA:7,1
DA:8,1
DA:9,1
DA:11,2
DA:12,2
DA:14,2
DA:15,2
DA:16,2
DA:17,2
DA:19,2
DA:20,2
DA:22,2
DA:23,2
DA:25,2
DA:26,2
DA:27,2
DA:28,2
DA:29,2
DA:30,2
DA:31,2
DA:32,2
DA:33,2
DA:34,2
DA:35,2
DA:41,2
DA:42,2
DA:43,2
DA:44,2
DA:46,2
DA:47,2
DA:48,2
DA:49,2
DA:51,2
DA:52,2
DA:55,2
DA:56,2
DA:57,2
DA:58,2
DA:59,2
DA:60,2
DA:61,2
DA:62,2
DA:63,2
DA:64,2
DA:66,2
DA:67,2
DA:68,2
DA:70,2
DA:71,2
DA:74,2
DA:75,2
DA:77,2
DA:78,2
DA:80,2
DA:81,2
DA:84,2
DA:85,2
DA:86,2
DA:88,2
DA:89,2
DA:90,2
DA:91,2
DA:92,2
DA:94,2
DA:95,2
DA:96,2
DA:98,2
DA:100,13
DA:101,13
DA:102,13
DA:103,13
DA:104,13
DA:106,13
DA:107,6
DA:108,6
DA:109,6
DA:110,6
DA:111,13
DA:113,13
DA:114,8
DA:115,0
DA:116,0
DA:117,0
DA:118,0
DA:119,8
DA:120,1
DA:121,8
DA:122,7
DA:123,7
DA:124,8
DA:125,13
DA:127,13
DA:128,1
DA:129,1
DA:130,1
DA:131,1
DA:132,0
DA:133,0
DA:134,1
DA:136,13
DA:137,0
DA:138,0
DA:139,0
DA:141,13
DA:142,13
DA:143,13
DA:144,13
DA:145,13
DA:146,13
DA:147,13
DA:149,13
DA:150,13
DA:152,13
DA:153,13
DA:154,13
DA:156,13
DA:157,13
DA:159,13
DA:160,13
DA:161,13
DA:162,13
DA:164,13
DA:165,13
DA:166,13
DA:167,13
DA:168,13
DA:169,13
DA:171,13
DA:172,13
DA:173,13
DA:174,13
DA:175,13
DA:176,13
DA:177,13
DA:178,13
DA:179,13
DA:181,13
DA:182,13
DA:183,13
DA:184,13
DA:185,13
DA:186,13
DA:187,13
DA:188,13
DA:189,13
DA:192,13
DA:193,13
DA:194,13
DA:195,13
DA:196,13
DA:198,13
DA:199,13
DA:200,13
DA:201,13
DA:202,13
DA:203,13
DA:205,13
DA:206,13
DA:207,13
DA:208,13
DA:209,13
DA:211,13
DA:213,13
DA:214,2
DA:215,2
DA:216,2
DA:217,2
DA:218,2
DA:219,2
DA:221,2
DA:222,2
DA:223,2
DA:224,2
DA:225,2
DA:226,2
DA:228,2
DA:229,2
DA:231,11
DA:232,11
DA:233,11
DA:234,11
DA:235,11
DA:237,11
DA:239,13
DA:242,13
DA:243,2
DA:244,2
DA:245,2
DA:246,2
DA:248,2
DA:249,2
DA:250,2
DA:251,2
DA:252,2
DA:254,2
DA:255,2
DA:256,2
DA:257,2
DA:258,2
DA:259,2
DA:261,2
DA:263,2
DA:264,0
DA:265,0
DA:266,0
DA:267,0
DA:268,0
DA:269,0
DA:271,0
DA:272,0
DA:273,0
DA:274,0
DA:275,0
DA:276,0
DA:277,0
DA:278,0
DA:279,0
DA:281,0
DA:282,0
DA:284,2
DA:285,2
DA:286,2
DA:287,2
DA:288,2
DA:290,2
DA:292,2
DA:293,2
DA:295,13
DA:297,13
DA:298,13
DA:299,13
DA:300,13
DA:301,13
DA:302,13
DA:303,13
DA:304,13
DA:305,13
DA:307,13
DA:309,1
LF:244
LH:218
BRDA:11,0,0,2
BRDA:89,1,0,1
BRDA:100,2,0,13
BRDA:213,3,0,2
BRDA:229,4,0,11
BRDA:242,5,0,2
BRDA:263,6,0,0
BRDA:106,7,0,6
BRDA:107,8,0,6
BRDA:108,9,0,4
BRDA:110,10,0,6
BRDA:113,11,0,8
BRDA:119,12,0,1
BRDA:121,13,0,7
BRDA:124,14,0,8
BRDA:127,15,0,1
BRDA:131,16,0,0
BRDA:162,17,0,2
BRF:18
BRH:16
end_of_record
TN:
SF:src/Main.jsx
FN:1,(empty-report)
FNF:1
FNH:0
FNDA:0,(empty-report)
DA:1,0
DA:2,0
DA:3,0
DA:4,0
DA:5,0
DA:7,0
DA:8,0
DA:9,0
DA:10,0
DA:11,0
DA:12,0
DA:13,0
LF:12
LH:0
BRDA:1,0,0,0
BRF:1
BRH:0
end_of_record
TN:
SF:src/authService.js
FN:1,(empty-report)
FNF:1
FNH:0
FNDA:0,(empty-report)
DA:1,0
DA:6,0
DA:8,0
DA:9,0
DA:10,0
DA:11,0
DA:12,0
DA:13,0
DA:14,0
DA:15,0
DA:16,0
DA:17,0
DA:18,0
DA:19,0
DA:20,0
DA:22,0
DA:23,0
DA:24,0
DA:25,0
DA:26,0
DA:27,0
DA:28,0
DA:29,0
DA:30,0
DA:31,0
DA:32,0
DA:33,0
DA:34,0
DA:36,0
DA:37,0
DA:38,0
DA:39,0
LF:32
LH:0
BRDA:1,0,0,0
BRF:1
BRH:0
end_of_record
TN:
SF:src/firebase.js
FNF:0
FNH:0
DA:1,1
DA:2,1
DA:4,1
DA:6,1
DA:7,1
DA:8,1
DA:9,1
DA:10,1
DA:11,1
DA:12,1
DA:13,1
DA:14,1
DA:16,1
DA:17,1
LF:14
LH:14
BRF:0
BRH:0
end_of_record
TN:
SF:src/postcss.config.js
FN:1,(empty-report)
FNF:1
FNH:0
FNDA:0,(empty-report)
DA:1,0
DA:2,0
DA:3,0
DA:4,0
DA:5,0
DA:6,0
LF:6
LH:0
BRDA:1,0,0,0
BRF:1
BRH:0
end_of_record
TN:
SF:src/tailwind.config.js
FN:1,(empty-report)
FNF:1
FNH:0
FNDA:0,(empty-report)
DA:1,0
DA:2,0
DA:3,0
DA:4,0
DA:5,0
DA:6,0
DA:7,0
DA:8,0
LF:8
LH:0
BRDA:1,0,0,0
BRF:1
BRH:0
end_of_record
TN:
SF:src/pages/About.jsx
FN:1,About
FNF:1
FNH:1
FNDA:6,About
DA:1,6
DA:2,6
DA:3,6
DA:5,6
DA:6,6
DA:7,6
DA:8,6
DA:9,6
DA:11,6
DA:12,6
DA:13,6
DA:14,6
DA:16,6
DA:18,6
DA:19,6
DA:27,6
DA:28,6
DA:31,6
DA:33,6
DA:34,6
DA:35,6
DA:36,6
DA:37,6
DA:38,6
DA:39,6
DA:40,6
DA:41,6
DA:46,6
DA:47,6
DA:50,6
DA:51,6
DA:52,6
DA:55,6
DA:56,6
DA:57,6
DA:62,6
DA:63,6
DA:67,6
DA:68,6
DA:69,6
DA:70,6
DA:71,6
DA:72,6
DA:73,6
DA:74,6
DA:75,6
DA:78,6
DA:79,6
DA:80,6
DA:81,6
DA:82,6
DA:83,6
DA:84,6
DA:85,6
DA:86,6
DA:90,6
DA:91,6
DA:95,6
DA:96,6
DA:97,6
DA:100,6
DA:101,6
DA:109,6
DA:110,6
DA:111,6
DA:112,6
DA:114,6
LF:67
LH:67
BRDA:1,0,0,6
BRF:1
BRH:1
end_of_record
TN:
SF:src/pages/CompletedQuestionDetail.jsx
FN:4,CompletedQuestionDetail
FN:11,onClick
FNF:2
FNH:1
FNDA:2,CompletedQuestionDetail
FNDA:0,onClick
DA:1,1
DA:2,1
DA:4,2
DA:5,2
DA:7,2
DA:8,2
DA:9,2
DA:10,2
DA:11,2
DA:12,2
DA:14,2
DA:15,2
DA:16,2
DA:18,2
DA:19,2
DA:20,0
DA:21,0
DA:22,0
DA:23,0
DA:24,0
DA:25,0
DA:27,0
DA:28,0
DA:29,0
DA:30,0
DA:31,0
DA:32,0
DA:34,0
DA:35,0
DA:36,0
DA:37,0
DA:39,0
DA:40,0
DA:41,0
DA:43,0
DA:44,0
DA:45,0
DA:46,0
DA:47,0
DA:48,0
DA:49,0
DA:51,0
DA:52,0
DA:53,0
DA:54,0
DA:55,0
DA:56,0
DA:57,0
DA:59,2
DA:60,2
DA:62,2
DA:64,1
LF:52
LH:19
BRDA:4,0,0,2
BRDA:19,1,0,0
BRF:2
BRH:1
end_of_record
TN:
SF:src/pages/CompletedQuestionsList.jsx
FN:4,CompletedQuestionsList
FN:16,fetchCompleted
FN:44,handlePrev
FN:48,handleNext
FNF:4
FNH:2
FNDA:7,CompletedQuestionsList
FNDA:4,fetchCompleted
FNDA:0,handlePrev
FNDA:0,handleNext
DA:1,1
DA:2,1
DA:4,7
DA:5,7
DA:6,7
DA:7,7
DA:8,7
DA:9,7
DA:11,7
DA:13,7
DA:14,4
DA:16,4
DA:17,4
DA:18,4
DA:20,4
DA:21,4
DA:22,4
DA:23,4
DA:25,4
DA:26,4
DA:27,4
DA:29,4
DA:31,3
DA:32,3
DA:33,3
DA:34,4
DA:35,1
DA:36,4
DA:37,4
DA:38,4
DA:39,4
DA:41,4
DA:42,7
DA:44,7
DA:45,0
DA:46,0
DA:48,7
DA:49,0
DA:50,0
DA:52,7
DA:53,4
DA:54,4
DA:56,4
DA:58,4
DA:60,7
DA:61,1
DA:62,1
DA:64,7
DA:65,1
DA:66,1
DA:68,1
DA:70,1
DA:72,1
DA:73,1
DA:74,1
DA:75,1
DA:77,1
DA:78,1
DA:79,1
DA:81,1
DA:82,1
DA:84,1
DA:85,2
DA:86,1
DA:87,1
DA:89,1
DA:91,1
LF:67
LH:63
BRDA:4,0,0,7
BRDA:52,1,0,4
BRDA:58,2,0,3
BRDA:60,3,0,1
BRDA:62,4,0,2
BRDA:64,5,0,1
BRDA:13,6,0,4
BRDA:14,7,0,0
BRDA:16,8,0,4
BRDA:29,9,0,1
BRDA:29,10,0,3
BRDA:34,11,0,1
BRDA:35,12,0,0
BRDA:84,13,0,2
BRF:14
BRH:12
end_of_record
TN:
SF:src/pages/Dashboard.jsx
FN:8,Dashboard
FN:32,fetchQuestions
FN:54,fetchSavedQuestions
FN:78,fetchCompletedQuestions
FN:106,markQuestionComplete
FN:110,handleNext
FN:181,onComplete
FN:196,onClick
FN:209,onClick
FNF:9
FNH:5
FNDA:6,Dashboard
FNDA:1,fetchQuestions
FNDA:1,fetchSavedQuestions
FNDA:1,fetchCompletedQuestions
FNDA:0,markQuestionComplete
FNDA:0,handleNext
FNDA:0,onComplete
FNDA:0,onClick
FNDA:1,onClick
DA:1,1
DA:2,1
DA:3,1
DA:4,1
DA:5,1
DA:6,1
DA:8,6
DA:9,6
DA:10,6
DA:11,6
DA:12,6
DA:13,6
DA:14,6
DA:15,6
DA:16,6
DA:17,6
DA:18,6
DA:19,6
DA:20,6
DA:22,6
DA:23,2
DA:24,2
DA:25,2
DA:26,2
DA:27,6
DA:29,6
DA:30,3
DA:32,1
DA:33,1
DA:34,1
DA:35,1
DA:36,1
DA:37,1
DA:39,1
DA:40,1
DA:41,1
DA:42,1
DA:43,1
DA:44,1
DA:45,1
DA:46,1
DA:47,1
DA:48,0
DA:49,1
DA:50,1
DA:51,1
DA:52,1
DA:54,1
DA:55,1
DA:56,1
DA:57,1
DA:58,1
DA:59,1
DA:60,0
DA:61,0
DA:62,0
DA:63,0
DA:64,0
DA:65,1
DA:66,1
DA:67,1
DA:68,0
DA:69,0
DA:70,1
DA:71,1
DA:72,1
DA:73,1
DA:74,0
DA:75,0
DA:76,1
DA:78,1
DA:79,1
DA:80,1
DA:81,1
DA:82,1
DA:83,1
DA:84,0
DA:85,0
DA:86,0
DA:87,0
DA:88,0
DA:89,0
DA:90,1
DA:91,1
DA:92,1
DA:93,1
DA:94,1
DA:95,1
DA:96,0
DA:97,0
DA:98,0
DA:99,1
DA:101,1
DA:102,1
DA:103,1
DA:104,6
DA:106,6
DA:107,0
DA:108,0
DA:110,6
DA:111,0
DA:112,0
DA:113,0
DA:114,0
DA:116,6
DA:117,6
DA:119,6
DA:120,6
DA:121,6
DA:123,6
DA:124,6
DA:125,6
DA:126,6
DA:127,6
DA:128,6
DA:130,6
DA:131,6
DA:132,6
DA:133,6
DA:134,6
DA:135,6
DA:136,6
DA:137,2
DA:138,4
DA:139,6
DA:140,6
DA:141,6
DA:142,6
DA:144,6
DA:145,2
DA:147,2
DA:148,4
DA:149,2
DA:151,2
DA:152,2
DA:153,0
DA:154,0
DA:155,0
DA:157,2
DA:158,2
DA:159,2
DA:160,0
DA:161,0
DA:162,0
DA:163,0
DA:164,0
DA:165,0
DA:166,0
DA:167,2
DA:168,0
DA:170,2
DA:171,2
DA:172,2
DA:173,2
DA:174,2
DA:177,2
DA:178,2
DA:179,2
DA:180,2
DA:181,2
DA:182,0
DA:183,0
DA:184,0
DA:185,0
DA:186,0
DA:187,2
DA:188,2
DA:190,2
DA:193,2
DA:194,2
DA:195,2
DA:196,2
DA:197,2
DA:198,2
DA:199,2
DA:200,2
DA:201,2
DA:202,1
DA:203,1
DA:204,2
DA:205,2
DA:207,2
DA:208,2
DA:209,2
DA:210,2
DA:211,2
DA:212,2
DA:213,2
DA:214,2
DA:215,1
DA:216,1
DA:217,2
DA:218,2
DA:220,2
DA:221,2
DA:223,2
DA:224,2
DA:225,1
DA:226,1
DA:228,0
DA:230,1
DA:231,0
DA:233,1
DA:234,1
DA:235,1
DA:236,1
DA:238,2
DA:239,2
DA:240,2
DA:242,6
DA:244,6
DA:246,1
LF:212
LH:169
BRDA:8,0,0,6
BRDA:136,1,0,2
BRDA:137,2,0,4
BRDA:144,3,0,2
BRDA:147,4,0,4
BRDA:148,5,0,2
BRDA:151,6,0,2
BRDA:152,7,0,0
BRDA:159,8,0,0
BRDA:167,9,0,0
BRDA:201,10,0,1
BRDA:202,11,0,1
BRDA:214,12,0,1
BRDA:215,13,0,1
BRDA:224,14,0,1
BRDA:226,15,0,0
BRDA:228,16,0,1
BRDA:230,17,0,0
BRDA:22,18,0,2
BRDA:23,19,0,2
BRDA:26,20,0,2
BRDA:29,21,0,3
BRDA:30,22,0,2
BRDA:30,23,0,1
BRDA:32,24,0,1
BRDA:42,25,0,0
BRDA:47,26,0,0
BRDA:54,27,0,1
BRDA:59,28,0,0
BRDA:73,29,0,0
BRDA:78,30,0,1
BRDA:83,31,0,0
BRDA:95,32,0,0
BRDA:209,33,0,1
BRF:34
BRH:23
end_of_record
TN:
SF:src/pages/LiveTranscription.jsx
FN:3,LiveTranscription
FN:19,startRecording
FN:28,socketRef.current.onmessage
FN:49,mediaRecorderRef.current.ondataavailable
FN:74,stopRecording
FNF:5
FNH:2
FNDA:2,LiveTranscription
FNDA:1,startRecording
FNDA:0,socketRef.current.onmessage
FNDA:0,mediaRecorderRef.current.ondataavailable
FNDA:0,stopRecording
DA:1,1
DA:3,2
DA:4,2
DA:5,2
DA:6,2
DA:7,2
DA:8,2
DA:9,2
DA:10,2
DA:12,2
DA:13,2
DA:14,2
DA:15,2
DA:16,2
DA:17,2
DA:19,2
DA:20,1
DA:21,1
DA:22,1
DA:23,1
DA:25,1
DA:26,1
DA:28,1
DA:29,0
DA:30,0
DA:31,0
DA:32,0
DA:33,0
DA:35,0
DA:36,0
DA:37,0
DA:38,0
DA:39,0
DA:40,0
DA:41,0
DA:42,0
DA:44,1
DA:45,1
DA:46,1
DA:47,1
DA:49,1
DA:50,0
DA:51,0
DA:52,0
DA:53,0
DA:55,1
DA:58,1
DA:59,0
DA:60,0
DA:61,0
DA:62,0
DA:63,0
DA:64,0
DA:65,0
DA:66,1
DA:69,1
DA:70,0
DA:71,1
DA:72,1
DA:74,2
DA:75,0
DA:76,0
DA:77,0
DA:78,0
DA:79,0
DA:81,0
DA:82,0
DA:84,0
DA:85,0
DA:87,2
DA:88,1
DA:90,1
DA:91,1
DA:92,1
DA:93,1
DA:94,2
DA:96,2
DA:97,2
DA:98,2
DA:99,2
DA:100,2
DA:101,2
DA:103,2
DA:104,2
DA:105,2
DA:106,2
DA:107,2
DA:109,2
DA:111,2
DA:112,2
DA:113,2
DA:115,2
DA:116,2
DA:117,2
DA:118,2
DA:119,0
DA:120,2
DA:121,2
DA:122,2
DA:123,2
DA:124,2
DA:125,2
DA:127,2
LF:103
LH:68
BRDA:3,0,0,2
BRDA:121,1,0,0
BRDA:19,2,0,1
BRDA:87,3,0,1
BRDA:90,4,0,1
BRF:5
BRH:4
end_of_record
TN:
SF:src/pages/Login.jsx
FN:11,Login
FN:20,handleToggle
FN:24,handleCaptchaChange
FN:30,handleSignUp
FN:55,handleSignIn
FN:82,sendUserToBackend
FN:117,onSubmit
FN:121,onChange
FN:130,onChange
FNF:9
FNH:1
FNDA:9,Login
FNDA:0,handleToggle
FNDA:0,handleCaptchaChange
FNDA:0,handleSignUp
FNDA:0,handleSignIn
FNDA:0,sendUserToBackend
FNDA:0,onSubmit
FNDA:0,onChange
FNDA:0,onChange
DA:1,1
DA:2,1
DA:3,1
DA:7,1
DA:8,1
DA:9,1
DA:11,9
DA:12,9
DA:14,9
DA:15,9
DA:16,9
DA:17,9
DA:18,9
DA:20,9
DA:21,0
DA:22,0
DA:24,9
DA:25,0
DA:26,0
DA:27,0
DA:30,9
DA:31,0
DA:32,0
DA:33,0
DA:34,0
DA:35,0
DA:36,0
DA:37,0
DA:38,0
DA:39,0
DA:40,0
DA:41,0
DA:42,0
DA:43,0
DA:45,0
DA:47,0
DA:48,0
DA:49,0
DA:50,0
DA:51,0
DA:52,0
DA:53,0
DA:55,9
DA:56,0
DA:57,0
DA:58,0
DA:59,0
DA:60,0
DA:62,0
DA:63,0
DA:64,0
DA:65,0
DA:66,0
DA:67,0
DA:68,0
DA:69,0
DA:71,0
DA:73,0
DA:74,0
DA:75,0
DA:76,0
DA:77,0
DA:78,0
DA:79,0
DA:82,9
DA:83,0
DA:86,0
DA:87,0
DA:88,0
DA:90,0
DA:91,0
DA:92,0
DA:93,0
DA:94,0
DA:95,0
DA:96,0
DA:97,0
DA:98,0
DA:99,0
DA:100,0
DA:101,0
DA:103,0
DA:104,0
DA:106,0
DA:107,0
DA:108,0
DA:109,0
DA:110,0
DA:111,0
DA:112,0
DA:114,9
DA:115,9
DA:116,9
DA:117,9
DA:118,9
DA:119,9
DA:120,9
DA:121,9
DA:122,9
DA:123,9
DA:124,9
DA:125,9
DA:126,9
DA:127,9
DA:128,9
DA:129,9
DA:130,9
DA:131,9
DA:132,9
DA:133,9
DA:134,9
DA:135,9
DA:136,9
DA:137,9
DA:138,9
DA:139,9
DA:142,9
DA:143,9
DA:145,0
DA:147,9
DA:148,9
DA:150,9
DA:151,9
DA:152,9
DA:153,9
DA:154,9
DA:156,9
DA:157,9
DA:158,9
DA:159,9
DA:160,9
DA:162,9
DA:163,9
DA:164,9
DA:165,9
DA:166,9
DA:167,9
DA:168,9
DA:170,9
DA:171,9
DA:172,9
DA:173,9
DA:175,9
LF:143
LH:70
BRDA:11,0,0,9
BRDA:139,1,0,0
BRDA:143,2,0,0
BRF:3
BRH:1
end_of_record
TN:
SF:src/pages/QuestionDetail.jsx
FN:5,QuestionDetail
FN:26,checkFavoriteStatus
FN:50,toggleExpand
FN:61,handleTranscriptUpdate
FN:98,resetFeedback
FN:116,handleToggleFavorite
FNF:6
FNH:4
FNDA:8,QuestionDetail
FNDA:2,checkFavoriteStatus
FNDA:1,toggleExpand
FNDA:0,handleTranscriptUpdate
FNDA:3,resetFeedback
FNDA:0,handleToggleFavorite
DA:1,1
DA:2,1
DA:3,1
DA:5,8
DA:6,8
DA:7,8
DA:8,8
DA:9,8
DA:10,8
DA:11,8
DA:12,8
DA:13,8
DA:16,8
DA:17,2
DA:18,2
DA:19,2
DA:20,8
DA:23,8
DA:24,2
DA:26,2
DA:27,2
DA:28,2
DA:29,2
DA:30,2
DA:31,2
DA:32,1
DA:33,1
DA:35,1
DA:36,1
DA:37,2
DA:38,1
DA:39,1
DA:40,2
DA:41,2
DA:42,2
DA:43,8
DA:45,8
DA:46,0
DA:47,0
DA:50,8
DA:51,1
DA:52,1
DA:53,1
DA:54,1
DA:55,1
DA:56,1
DA:57,1
DA:58,1
DA:61,8
DA:62,0
DA:63,0
DA:64,0
DA:65,0
DA:67,0
DA:69,0
DA:70,0
DA:71,0
DA:72,0
DA:73,0
DA:74,0
DA:75,0
DA:76,0
DA:77,0
DA:78,0
DA:79,0
DA:81,0
DA:83,0
DA:84,0
DA:85,0
DA:87,0
DA:88,0
DA:89,0
DA:90,0
DA:91,0
DA:92,0
DA:93,0
DA:94,0
DA:95,0
DA:96,0
DA:98,8
DA:99,3
DA:100,3
DA:101,3
DA:102,3
DA:103,3
DA:104,3
DA:106,8
DA:107,4
DA:108,0
DA:109,0
DA:111,0
DA:112,0
DA:113,0
DA:114,8
DA:116,8
DA:117,0
DA:118,0
DA:119,0
DA:120,0
DA:122,0
DA:123,0
DA:124,0
DA:125,0
DA:126,0
DA:127,0
DA:128,0
DA:129,0
DA:130,0
DA:132,0
DA:134,0
DA:135,0
DA:136,0
DA:137,0
DA:138,0
DA:139,0
DA:141,8
DA:142,8
DA:143,8
DA:144,8
DA:145,8
DA:146,8
DA:147,8
DA:148,8
DA:150,8
DA:151,8
DA:153,8
DA:154,8
DA:155,8
DA:157,8
DA:158,8
DA:159,8
DA:161,8
DA:162,8
DA:163,4
DA:164,4
DA:165,4
DA:166,4
DA:167,4
DA:168,4
DA:170,4
DA:171,4
DA:172,4
DA:173,4
DA:176,4
DA:177,2
DA:179,2
DA:182,4
DA:183,0
DA:185,0
DA:188,4
DA:189,0
DA:190,0
DA:191,0
DA:192,0
DA:194,0
DA:195,0
DA:196,0
DA:197,0
DA:199,0
DA:200,0
DA:201,0
DA:202,0
DA:204,0
DA:205,0
DA:206,0
DA:208,0
DA:209,0
DA:210,0
DA:211,0
DA:212,0
DA:214,0
DA:215,0
DA:216,0
DA:217,0
DA:218,0
DA:219,0
DA:220,0
DA:223,4
DA:224,0
DA:226,0
DA:227,0
DA:228,0
DA:229,0
DA:230,0
DA:232,0
DA:233,0
DA:234,0
DA:236,4
DA:238,8
DA:239,8
DA:241,8
DA:243,1
LF:192
LH:97
BRDA:5,0,0,8
BRDA:45,1,0,0
BRDA:148,2,0,0
BRDA:150,3,0,0
BRDA:162,4,0,4
BRDA:176,5,0,2
BRDA:182,6,0,0
BRDA:188,7,0,0
BRDA:223,8,0,0
BRDA:16,9,0,2
BRDA:23,10,0,2
BRDA:26,11,0,2
BRDA:31,12,0,1
BRDA:37,13,0,1
BRDA:50,14,0,1
BRDA:51,15,0,1
BRDA:98,16,0,3
BRDA:106,17,0,4
BRDA:107,18,0,0
BRDA:107,19,0,0
BRDA:107,20,0,0
BRF:21
BRH:12
end_of_record
TN:
SF:src/pages/QuestionList.jsx
FN:3,QuestionList
FN:20,fetchQuestions
FN:49,handlePrev
FN:53,handleNext
FN:69,onChange
FN:89,onChange
FN:105,onClick
FNF:7
FNH:2
FNDA:4,QuestionList
FNDA:2,fetchQuestions
FNDA:0,handlePrev
FNDA:0,handleNext
FNDA:0,onChange
FNDA:0,onChange
FNDA:0,onClick
DA:1,1
DA:3,4
DA:4,4
DA:5,4
DA:6,4
DA:8,4
DA:9,4
DA:10,4
DA:12,4
DA:13,4
DA:15,4
DA:17,4
DA:19,4
DA:20,2
DA:21,2
DA:22,2
DA:23,2
DA:25,2
DA:26,2
DA:27,2
DA:28,2
DA:29,2
DA:31,2
DA:32,2
DA:33,2
DA:34,2
DA:35,1
DA:37,1
DA:38,1
DA:39,1
DA:40,1
DA:41,2
DA:42,2
DA:43,2
DA:44,2
DA:46,2
DA:47,4
DA:49,4
DA:50,0
DA:51,0
DA:53,4
DA:54,0
DA:55,0
DA:57,4
DA:58,0
DA:59,4
DA:61,4
DA:62,4
DA:64,4
DA:65,4
DA:66,4
DA:67,4
DA:68,4
DA:69,4
DA:70,0
DA:71,0
DA:72,0
DA:73,4
DA:75,4
DA:76,4
DA:77,4
DA:78,4
DA:79,4
DA:80,4
DA:81,4
DA:82,4
DA:83,4
DA:85,4
DA:86,4
DA:87,4
DA:88,4
DA:89,4
DA:90,0
DA:91,0
DA:92,0
DA:93,4
DA:95,4
DA:96,4
DA:97,4
DA:98,4
DA:99,4
DA:100,4
DA:102,4
DA:103,4
DA:104,4
DA:105,4
DA:106,4
DA:107,4
DA:108,4
DA:109,4
DA:111,4
DA:112,4
DA:113,4
DA:114,4
DA:117,4
DA:118,4
DA:120,4
DA:121,4
DA:122,4
DA:124,4
DA:125,4
DA:128,4
DA:129,2
DA:130,2
DA:131,1
DA:132,1
DA:133,0
DA:135,1
DA:136,2
DA:137,2
DA:138,2
DA:140,2
DA:141,2
DA:142,2
DA:143,0
DA:145,2
DA:146,2
DA:148,2
DA:149,2
DA:150,2
DA:151,2
DA:152,2
DA:153,2
DA:154,2
DA:155,1
DA:156,1
DA:157,0
DA:158,1
DA:159,2
DA:161,2
DA:162,2
DA:163,2
DA:164,2
DA:165,2
DA:166,1
DA:168,4
DA:170,4
DA:172,1
LF:138
LH:124
BRDA:3,0,0,4
BRDA:57,1,0,0
BRDA:107,2,0,0
BRDA:128,3,0,2
BRDA:129,4,0,2
BRDA:130,5,0,1
BRDA:131,6,0,1
BRDA:132,7,0,0
BRDA:19,8,0,2
BRDA:20,9,0,2
BRDA:28,10,0,0
BRDA:29,11,0,0
BRDA:34,12,0,1
BRDA:34,13,0,0
BRDA:40,14,0,0
BRDA:135,15,0,2
BRDA:142,16,0,0
BRDA:154,17,0,1
BRDA:155,18,0,1
BRDA:156,19,0,0
BRF:20
BRH:11
end_of_record
TN:
SF:src/pages/Questions.jsx
FN:1,(empty-report)
FNF:1
FNH:0
FNDA:0,(empty-report)
DA:1,0
DA:2,0
DA:3,0
DA:5,0
DA:6,0
DA:7,0
DA:8,0
DA:9,0
DA:10,0
DA:11,0
DA:12,0
DA:13,0
DA:15,0
DA:17,0
DA:18,0
DA:19,0
DA:20,0
DA:21,0
DA:22,0
DA:23,0
DA:24,0
DA:25,0
DA:27,0
DA:28,0
DA:30,0
DA:31,0
DA:33,0
DA:34,0
DA:35,0
DA:37,0
DA:38,0
DA:39,0
DA:40,0
DA:41,0
DA:42,0
DA:44,0
DA:45,0
DA:46,0
DA:47,0
DA:48,0
DA:49,0
DA:51,0
DA:52,0
DA:53,0
DA:54,0
DA:55,0
DA:56,0
DA:57,0
DA:58,0
DA:59,0
DA:60,0
DA:61,0
DA:63,0
DA:64,0
DA:66,0
DA:67,0
DA:68,0
DA:69,0
DA:71,0
DA:72,0
DA:73,0
DA:75,0
DA:78,0
DA:79,0
DA:80,0
DA:82,0
DA:83,0
DA:84,0
DA:85,0
DA:86,0
DA:87,0
DA:89,0
DA:90,0
DA:91,0
DA:92,0
DA:93,0
DA:94,0
DA:95,0
DA:97,0
DA:98,0
DA:99,0
DA:100,0
DA:101,0
DA:102,0
DA:103,0
DA:104,0
DA:105,0
DA:107,0
DA:108,0
DA:109,0
DA:110,0
DA:111,0
DA:112,0
DA:113,0
DA:115,0
DA:118,0
DA:119,0
DA:121,0
DA:122,0
DA:123,0
DA:124,0
DA:125,0
DA:126,0
DA:127,0
DA:129,0
DA:130,0
DA:131,0
DA:132,0
DA:133,0
DA:137,0
DA:138,0
DA:139,0
DA:140,0
DA:141,0
DA:142,0
DA:144,0
DA:145,0
DA:146,0
DA:147,0
DA:148,0
DA:149,0
DA:150,0
DA:152,0
DA:153,0
DA:154,0
DA:156,0
DA:158,0
LF:127
LH:0
BRDA:1,0,0,0
BRF:1
BRH:0
end_of_record
