TN:
SF:babel.config.js
FN:1,(empty-report)
FNF:1
FNH:0
FNDA:0,(empty-report)
DA:1,0
DA:2,0
DA:3,0
DA:4,0
LF:4
LH:0
BRDA:1,0,0,0
BRF:1
BRH:0
end_of_record
TN:
SF:src/App.jsx
FN:11,Home
FN:89,onClick
FN:100,App
FN:114,handleClickOutside
FN:127,handleLogout
FN:136,closeMenuAndNavigate
FN:162,onClick
FN:206,onClick
FN:216,onClick
FN:232,onClick
FN:249,onClick
FN:256,onClick
FN:266,onClick
FN:273,onClick
FN:285,onClick
FNF:15
FNH:5
FNDA:2,Home
FNDA:1,onClick
FNDA:13,App
FNDA:0,handleClickOutside
FNDA:1,handleLogout
FNDA:0,closeMenuAndNavigate
FNDA:2,onClick
FNDA:0,onClick
FNDA:0,onClick
FNDA:0,onClick
FNDA:0,onClick
FNDA:0,onClick
FNDA:0,onClick
FNDA:0,onClick
FNDA:0,onClick
DA:1,1
DA:2,1
DA:3,1
DA:4,1
DA:5,1
DA:7,1
DA:8,1
DA:9,1
DA:11,2
DA:12,2
DA:14,2
DA:15,2
DA:16,2
DA:17,2
DA:19,2
DA:20,2
DA:22,2
DA:23,2
DA:25,2
DA:26,2
DA:27,2
DA:28,2
DA:29,2
DA:30,2
DA:31,2
DA:32,2
DA:33,2
DA:34,2
DA:35,2
DA:41,2
DA:42,2
DA:43,2
DA:44,2
DA:46,2
DA:47,2
DA:48,2
DA:49,2
DA:51,2
DA:52,2
DA:55,2
DA:56,2
DA:57,2
DA:58,2
DA:59,2
DA:60,2
DA:61,2
DA:62,2
DA:63,2
DA:64,2
DA:66,2
DA:67,2
DA:68,2
DA:70,2
DA:71,2
DA:74,2
DA:75,2
DA:77,2
DA:78,2
DA:80,2
DA:81,2
DA:84,2
DA:85,2
DA:86,2
DA:88,2
DA:89,2
DA:90,2
DA:91,2
DA:92,2
DA:94,2
DA:95,2
DA:96,2
DA:98,2
DA:100,13
DA:101,13
DA:102,13
DA:103,13
DA:104,13
DA:106,13
DA:107,6
DA:108,6
DA:109,6
DA:110,6
DA:111,13
DA:113,13
DA:114,8
DA:115,0
DA:116,0
DA:117,0
DA:118,0
DA:119,8
DA:120,1
DA:121,8
DA:122,7
DA:123,7
DA:124,8
DA:125,13
DA:127,13
DA:128,1
DA:129,1
DA:130,1
DA:131,1
DA:132,0
DA:133,0
DA:134,1
DA:136,13
DA:137,0
DA:138,0
DA:139,0
DA:141,13
DA:142,13
DA:143,13
DA:144,13
DA:145,13
DA:146,13
DA:147,13
DA:149,13
DA:150,13
DA:152,13
DA:153,13
DA:154,13
DA:156,13
DA:157,13
DA:159,13
DA:160,13
DA:161,13
DA:162,13
DA:164,13
DA:165,13
DA:166,13
DA:167,13
DA:168,13
DA:169,13
DA:171,13
DA:172,13
DA:173,13
DA:174,13
DA:175,13
DA:176,13
DA:177,13
DA:178,13
DA:179,13
DA:181,13
DA:182,13
DA:183,13
DA:184,13
DA:185,13
DA:186,13
DA:187,13
DA:188,13
DA:189,13
DA:192,13
DA:193,13
DA:194,13
DA:195,13
DA:196,13
DA:198,13
DA:199,13
DA:200,13
DA:201,13
DA:202,13
DA:203,13
DA:205,13
DA:206,13
DA:207,13
DA:208,13
DA:209,13
DA:211,13
DA:213,13
DA:214,2
DA:215,2
DA:216,2
DA:217,2
DA:218,2
DA:219,2
DA:221,2
DA:222,2
DA:223,2
DA:224,2
DA:225,2
DA:226,2
DA:228,2
DA:229,2
DA:231,11
DA:232,11
DA:233,11
DA:234,11
DA:235,11
DA:237,11
DA:239,13
DA:242,13
DA:243,2
DA:244,2
DA:245,2
DA:246,2
DA:248,2
DA:249,2
DA:250,2
DA:251,2
DA:252,2
DA:254,2
DA:255,2
DA:256,2
DA:257,2
DA:258,2
DA:259,2
DA:261,2
DA:263,2
DA:264,0
DA:265,0
DA:266,0
DA:267,0
DA:268,0
DA:269,0
DA:271,0
DA:272,0
DA:273,0
DA:274,0
DA:275,0
DA:276,0
DA:277,0
DA:278,0
DA:279,0
DA:281,0
DA:282,0
DA:284,2
DA:285,2
DA:286,2
DA:287,2
DA:288,2
DA:290,2
DA:292,2
DA:293,2
DA:295,13
DA:297,13
DA:298,13
DA:299,13
DA:300,13
DA:301,13
DA:302,13
DA:303,13
DA:304,13
DA:305,13
DA:307,13
DA:309,1
LF:244
LH:218
BRDA:11,0,0,2
BRDA:89,1,0,1
BRDA:100,2,0,13
BRDA:213,3,0,2
BRDA:229,4,0,11
BRDA:242,5,0,2
BRDA:263,6,0,0
BRDA:106,7,0,6
BRDA:107,8,0,6
BRDA:108,9,0,4
BRDA:110,10,0,6
BRDA:113,11,0,8
BRDA:119,12,0,1
BRDA:121,13,0,7
BRDA:124,14,0,8
BRDA:127,15,0,1
BRDA:131,16,0,0
BRDA:162,17,0,2
BRF:18
BRH:16
end_of_record
TN:
SF:src/Main.jsx
FN:1,(empty-report)
FNF:1
FNH:0
FNDA:0,(empty-report)
DA:1,0
DA:2,0
DA:3,0
DA:4,0
DA:5,0
DA:7,0
DA:8,0
DA:9,0
DA:10,0
DA:11,0
DA:12,0
DA:13,0
LF:12
LH:0
BRDA:1,0,0,0
BRF:1
BRH:0
end_of_record
TN:
SF:src/authService.js
FN:9,signUp
FN:23,signIn
FN:37,logOut
FNF:3
FNH:3
FNDA:2,signUp
FNDA:2,signIn
FNDA:2,logOut
DA:1,1
DA:6,1
DA:8,1
DA:9,1
DA:10,2
DA:11,2
DA:12,2
DA:13,2
DA:14,2
DA:15,2
DA:16,1
DA:17,1
DA:18,1
DA:19,1
DA:20,2
DA:22,1
DA:23,1
DA:24,2
DA:25,2
DA:26,2
DA:27,2
DA:28,2
DA:29,2
DA:30,1
DA:31,1
DA:32,1
DA:33,1
DA:34,2
DA:36,1
DA:37,1
DA:38,2
DA:39,1
LF:32
LH:32
BRDA:9,0,0,2
BRDA:15,1,0,1
BRDA:23,2,0,2
BRDA:29,3,0,1
BRDA:37,4,0,2
BRDA:38,5,0,1
BRF:6
BRH:6
end_of_record
TN:
SF:src/firebase.js
FNF:0
FNH:0
DA:1,1
DA:2,1
DA:4,1
DA:6,1
DA:7,1
DA:8,1
DA:9,1
DA:10,1
DA:11,1
DA:12,1
DA:13,1
DA:14,1
DA:16,1
DA:17,1
LF:14
LH:14
BRF:0
BRH:0
end_of_record
TN:
SF:src/postcss.config.js
FN:1,(empty-report)
FNF:1
FNH:0
FNDA:0,(empty-report)
DA:1,0
DA:2,0
DA:3,0
DA:4,0
DA:5,0
DA:6,0
LF:6
LH:0
BRDA:1,0,0,0
BRF:1
BRH:0
end_of_record
TN:
SF:src/tailwind.config.js
FN:1,(empty-report)
FNF:1
FNH:0
FNDA:0,(empty-report)
DA:1,0
DA:2,0
DA:3,0
DA:4,0
DA:5,0
DA:6,0
DA:7,0
DA:8,0
LF:8
LH:0
BRDA:1,0,0,0
BRF:1
BRH:0
end_of_record
TN:
SF:src/pages/About.jsx
FN:1,About
FNF:1
FNH:1
FNDA:6,About
DA:1,6
DA:2,6
DA:3,6
DA:5,6
DA:6,6
DA:7,6
DA:8,6
DA:9,6
DA:11,6
DA:12,6
DA:13,6
DA:14,6
DA:16,6
DA:18,6
DA:19,6
DA:27,6
DA:28,6
DA:31,6
DA:33,6
DA:34,6
DA:35,6
DA:36,6
DA:37,6
DA:38,6
DA:39,6
DA:40,6
DA:41,6
DA:46,6
DA:47,6
DA:50,6
DA:51,6
DA:52,6
DA:55,6
DA:56,6
DA:57,6
DA:62,6
DA:63,6
DA:67,6
DA:68,6
DA:69,6
DA:70,6
DA:71,6
DA:72,6
DA:73,6
DA:74,6
DA:75,6
DA:78,6
DA:79,6
DA:80,6
DA:81,6
DA:82,6
DA:83,6
DA:84,6
DA:85,6
DA:86,6
DA:90,6
DA:91,6
DA:95,6
DA:96,6
DA:97,6
DA:100,6
DA:101,6
DA:109,6
DA:110,6
DA:111,6
DA:112,6
DA:114,6
LF:67
LH:67
BRDA:1,0,0,6
BRF:1
BRH:1
end_of_record
TN:
SF:src/pages/CompletedQuestionDetail.jsx
FN:4,CompletedQuestionDetail
FN:11,onClick
FNF:2
FNH:2
FNDA:12,CompletedQuestionDetail
FNDA:5,onClick
DA:1,1
DA:2,1
DA:4,12
DA:5,12
DA:7,12
DA:8,12
DA:9,12
DA:10,12
DA:11,12
DA:12,12
DA:14,12
DA:15,12
DA:16,12
DA:18,12
DA:19,12
DA:20,4
DA:21,4
DA:22,4
DA:23,4
DA:24,4
DA:25,4
DA:27,4
DA:28,4
DA:29,4
DA:30,4
DA:31,4
DA:32,4
DA:34,4
DA:35,4
DA:36,3
DA:37,3
DA:39,3
DA:40,3
DA:41,3
DA:43,4
DA:44,4
DA:45,4
DA:46,4
DA:47,4
DA:48,4
DA:49,4
DA:51,4
DA:52,4
DA:53,4
DA:54,4
DA:55,4
DA:56,4
DA:57,4
DA:59,12
DA:60,12
DA:62,12
DA:64,1
LF:52
LH:52
BRDA:4,0,0,12
BRDA:19,1,0,4
BRDA:30,2,0,1
BRDA:35,3,0,3
BRDA:46,4,0,0
BRDA:54,5,0,1
BRDA:11,6,0,5
BRDA:11,7,0,5
BRF:8
BRH:7
end_of_record
TN:
SF:src/pages/CompletedQuestionsList.jsx
FN:4,CompletedQuestionsList
FN:16,fetchCompleted
FN:44,handlePrev
FN:48,handleNext
FNF:4
FNH:2
FNDA:7,CompletedQuestionsList
FNDA:4,fetchCompleted
FNDA:0,handlePrev
FNDA:0,handleNext
DA:1,1
DA:2,1
DA:4,7
DA:5,7
DA:6,7
DA:7,7
DA:8,7
DA:9,7
DA:11,7
DA:13,7
DA:14,4
DA:16,4
DA:17,4
DA:18,4
DA:20,4
DA:21,4
DA:22,4
DA:23,4
DA:25,4
DA:26,4
DA:27,4
DA:29,4
DA:31,3
DA:32,3
DA:33,3
DA:34,4
DA:35,1
DA:36,4
DA:37,4
DA:38,4
DA:39,4
DA:41,4
DA:42,7
DA:44,7
DA:45,0
DA:46,0
DA:48,7
DA:49,0
DA:50,0
DA:52,7
DA:53,4
DA:54,4
DA:56,4
DA:58,4
DA:60,7
DA:61,1
DA:62,1
DA:64,7
DA:65,1
DA:66,1
DA:68,1
DA:70,1
DA:72,1
DA:73,1
DA:74,1
DA:75,1
DA:77,1
DA:78,1
DA:79,1
DA:81,1
DA:82,1
DA:84,1
DA:85,2
DA:86,1
DA:87,1
DA:89,1
DA:91,1
LF:67
LH:63
BRDA:4,0,0,7
BRDA:52,1,0,4
BRDA:58,2,0,3
BRDA:60,3,0,1
BRDA:62,4,0,2
BRDA:64,5,0,1
BRDA:13,6,0,4
BRDA:14,7,0,0
BRDA:16,8,0,4
BRDA:29,9,0,1
BRDA:29,10,0,3
BRDA:34,11,0,1
BRDA:35,12,0,0
BRDA:84,13,0,2
BRF:14
BRH:12
end_of_record
TN:
SF:src/pages/Dashboard.jsx
FN:8,Dashboard
FN:32,fetchQuestions
FN:54,fetchSavedQuestions
FN:78,fetchCompletedQuestions
FN:106,markQuestionComplete
FN:110,handleNext
FN:181,onComplete
FN:196,onClick
FN:209,onClick
FNF:9
FNH:5
FNDA:13,Dashboard
FNDA:3,fetchQuestions
FNDA:3,fetchSavedQuestions
FNDA:3,fetchCompletedQuestions
FNDA:0,markQuestionComplete
FNDA:0,handleNext
FNDA:0,onComplete
FNDA:0,onClick
FNDA:1,onClick
DA:1,1
DA:2,1
DA:3,1
DA:4,1
DA:5,1
DA:6,1
DA:8,13
DA:9,13
DA:10,13
DA:11,13
DA:12,13
DA:13,13
DA:14,13
DA:15,13
DA:16,13
DA:17,13
DA:18,13
DA:19,13
DA:20,13
DA:22,13
DA:23,4
DA:24,4
DA:25,4
DA:26,4
DA:27,13
DA:29,13
DA:30,7
DA:32,3
DA:33,3
DA:34,3
DA:35,3
DA:36,3
DA:37,3
DA:39,3
DA:40,3
DA:41,3
DA:42,3
DA:43,2
DA:44,2
DA:45,2
DA:46,2
DA:47,3
DA:48,1
DA:49,3
DA:50,3
DA:51,3
DA:52,3
DA:54,3
DA:55,3
DA:56,3
DA:57,3
DA:58,3
DA:59,3
DA:60,0
DA:61,0
DA:62,0
DA:63,0
DA:64,0
DA:65,3
DA:66,1
DA:67,1
DA:68,0
DA:69,0
DA:70,1
DA:71,1
DA:72,1
DA:73,3
DA:74,2
DA:75,2
DA:76,3
DA:78,3
DA:79,3
DA:80,3
DA:81,3
DA:82,3
DA:83,3
DA:84,0
DA:85,0
DA:86,0
DA:87,0
DA:88,0
DA:89,0
DA:90,3
DA:91,1
DA:92,1
DA:93,1
DA:94,1
DA:95,3
DA:96,2
DA:97,2
DA:98,2
DA:99,3
DA:101,3
DA:102,3
DA:103,3
DA:104,13
DA:106,13
DA:107,0
DA:108,0
DA:110,13
DA:111,0
DA:112,0
DA:113,0
DA:114,0
DA:116,13
DA:117,13
DA:119,13
DA:120,13
DA:121,13
DA:123,13
DA:124,13
DA:125,13
DA:126,13
DA:127,13
DA:128,13
DA:130,13
DA:131,13
DA:132,13
DA:133,13
DA:134,13
DA:135,13
DA:136,13
DA:137,2
DA:138,11
DA:139,13
DA:140,13
DA:141,13
DA:142,13
DA:144,13
DA:145,4
DA:147,4
DA:148,9
DA:149,6
DA:151,6
DA:152,3
DA:153,1
DA:154,1
DA:155,1
DA:157,2
DA:158,2
DA:159,2
DA:160,0
DA:161,0
DA:162,0
DA:163,0
DA:164,0
DA:165,0
DA:166,0
DA:167,2
DA:168,0
DA:170,2
DA:171,2
DA:172,2
DA:173,2
DA:174,2
DA:177,2
DA:178,2
DA:179,2
DA:180,2
DA:181,2
DA:182,0
DA:183,0
DA:184,0
DA:185,0
DA:186,0
DA:187,2
DA:188,2
DA:190,2
DA:193,2
DA:194,2
DA:195,2
DA:196,2
DA:197,2
DA:198,2
DA:199,2
DA:200,2
DA:201,2
DA:202,1
DA:203,1
DA:204,2
DA:205,2
DA:207,2
DA:208,2
DA:209,2
DA:210,2
DA:211,2
DA:212,2
DA:213,2
DA:214,2
DA:215,1
DA:216,1
DA:217,2
DA:218,2
DA:220,2
DA:221,2
DA:223,2
DA:224,2
DA:225,1
DA:226,1
DA:228,0
DA:230,1
DA:231,0
DA:233,1
DA:234,1
DA:235,1
DA:236,1
DA:238,2
DA:239,2
DA:240,2
DA:242,13
DA:244,13
DA:246,1
LF:212
LH:178
BRDA:8,0,0,13
BRDA:136,1,0,2
BRDA:137,2,0,11
BRDA:144,3,0,4
BRDA:147,4,0,9
BRDA:148,5,0,6
BRDA:151,6,0,3
BRDA:152,7,0,1
BRDA:155,8,0,2
BRDA:159,9,0,0
BRDA:167,10,0,0
BRDA:201,11,0,1
BRDA:202,12,0,1
BRDA:214,13,0,1
BRDA:215,14,0,1
BRDA:224,15,0,1
BRDA:226,16,0,0
BRDA:228,17,0,1
BRDA:230,18,0,0
BRDA:22,19,0,4
BRDA:23,20,0,4
BRDA:26,21,0,4
BRDA:29,22,0,7
BRDA:30,23,0,4
BRDA:30,24,0,3
BRDA:32,25,0,3
BRDA:42,26,0,1
BRDA:42,27,0,2
BRDA:47,28,0,1
BRDA:54,29,0,3
BRDA:59,30,0,0
BRDA:65,31,0,1
BRDA:73,32,0,2
BRDA:78,33,0,3
BRDA:83,34,0,0
BRDA:90,35,0,1
BRDA:95,36,0,2
BRDA:209,37,0,1
BRF:38
BRH:32
end_of_record
TN:
SF:src/pages/LiveTranscription.jsx
FN:3,LiveTranscription
FN:19,startRecording
FN:28,socketRef.current.onmessage
FN:49,mediaRecorderRef.current.ondataavailable
FN:74,stopRecording
FNF:5
FNH:3
FNDA:10,LiveTranscription
FNDA:3,startRecording
FNDA:0,socketRef.current.onmessage
FNDA:0,mediaRecorderRef.current.ondataavailable
FNDA:1,stopRecording
DA:1,1
DA:3,10
DA:4,10
DA:5,10
DA:6,10
DA:7,10
DA:8,10
DA:9,10
DA:10,10
DA:12,10
DA:13,10
DA:14,10
DA:15,10
DA:16,10
DA:17,10
DA:19,10
DA:20,3
DA:21,3
DA:22,3
DA:23,3
DA:25,3
DA:26,3
DA:28,3
DA:29,0
DA:30,0
DA:31,0
DA:32,0
DA:33,0
DA:35,0
DA:36,0
DA:37,0
DA:38,0
DA:39,0
DA:40,0
DA:41,0
DA:42,0
DA:44,3
DA:45,3
DA:46,3
DA:47,3
DA:49,3
DA:50,0
DA:51,0
DA:52,0
DA:53,0
DA:55,3
DA:58,3
DA:59,0
DA:60,0
DA:61,0
DA:62,0
DA:63,0
DA:64,0
DA:65,0
DA:66,3
DA:69,3
DA:70,0
DA:71,3
DA:72,3
DA:74,10
DA:75,1
DA:76,1
DA:77,1
DA:78,1
DA:79,1
DA:81,1
DA:82,1
DA:84,1
DA:85,1
DA:87,10
DA:88,5
DA:90,5
DA:91,5
DA:92,5
DA:93,5
DA:94,10
DA:96,10
DA:97,10
DA:98,10
DA:99,10
DA:100,10
DA:101,10
DA:103,10
DA:104,10
DA:105,10
DA:106,10
DA:107,10
DA:109,10
DA:111,10
DA:112,10
DA:113,10
DA:115,10
DA:116,10
DA:117,10
DA:118,10
DA:119,0
DA:120,10
DA:121,10
DA:122,10
DA:123,10
DA:124,10
DA:125,10
DA:127,10
LF:103
LH:77
BRDA:3,0,0,10
BRDA:121,1,0,0
BRDA:19,2,0,3
BRDA:74,3,0,1
BRDA:76,4,0,0
BRDA:77,5,0,0
BRDA:87,6,0,5
BRDA:90,7,0,5
BRF:8
BRH:5
end_of_record
TN:
SF:src/pages/Login.jsx
FN:11,Login
FN:20,handleToggle
FN:24,handleCaptchaChange
FN:30,handleSignUp
FN:55,handleSignIn
FN:82,sendUserToBackend
FN:117,onSubmit
FN:121,onChange
FN:130,onChange
FNF:9
FNH:7
FNDA:33,Login
FNDA:0,handleToggle
FNDA:14,handleCaptchaChange
FNDA:1,handleSignUp
FNDA:1,handleSignIn
FNDA:2,sendUserToBackend
FNDA:0,onSubmit
FNDA:3,onChange
FNDA:3,onChange
DA:1,1
DA:2,1
DA:3,1
DA:7,1
DA:8,1
DA:9,1
DA:11,33
DA:12,33
DA:14,33
DA:15,33
DA:16,33
DA:17,33
DA:18,33
DA:20,33
DA:21,0
DA:22,0
DA:24,33
DA:25,14
DA:26,14
DA:27,14
DA:30,33
DA:31,1
DA:32,1
DA:33,0
DA:34,0
DA:35,0
DA:36,1
DA:37,1
DA:38,1
DA:39,1
DA:40,1
DA:41,1
DA:42,1
DA:43,1
DA:45,1
DA:47,1
DA:48,1
DA:49,1
DA:50,1
DA:51,0
DA:52,0
DA:53,1
DA:55,33
DA:56,1
DA:57,1
DA:58,0
DA:59,0
DA:60,0
DA:62,1
DA:63,1
DA:64,1
DA:65,1
DA:66,1
DA:67,1
DA:68,1
DA:69,1
DA:71,1
DA:73,1
DA:74,1
DA:75,1
DA:76,1
DA:77,0
DA:78,0
DA:79,1
DA:82,33
DA:83,2
DA:86,2
DA:87,2
DA:88,2
DA:90,2
DA:91,2
DA:92,2
DA:93,2
DA:94,2
DA:95,2
DA:96,2
DA:97,2
DA:98,2
DA:99,2
DA:100,2
DA:101,2
DA:103,0
DA:104,0
DA:106,0
DA:107,0
DA:108,0
DA:109,2
DA:110,2
DA:111,2
DA:112,2
DA:114,33
DA:115,33
DA:116,33
DA:117,33
DA:118,33
DA:119,33
DA:120,33
DA:121,33
DA:122,33
DA:123,33
DA:124,33
DA:125,33
DA:126,33
DA:127,33
DA:128,33
DA:129,33
DA:130,33
DA:131,33
DA:132,33
DA:133,33
DA:134,33
DA:135,33
DA:136,33
DA:137,33
DA:138,33
DA:139,33
DA:142,33
DA:143,33
DA:145,0
DA:147,33
DA:148,33
DA:150,33
DA:151,33
DA:152,33
DA:153,33
DA:154,33
DA:156,33
DA:157,33
DA:158,33
DA:159,33
DA:160,33
DA:162,33
DA:163,33
DA:164,33
DA:165,33
DA:166,33
DA:167,33
DA:168,33
DA:170,33
DA:171,33
DA:172,33
DA:173,33
DA:175,33
LF:143
LH:125
BRDA:11,0,0,33
BRDA:139,1,0,0
BRDA:143,2,0,0
BRDA:24,3,0,14
BRDA:30,4,0,1
BRDA:32,5,0,0
BRDA:50,6,0,0
BRDA:55,7,0,1
BRDA:57,8,0,0
BRDA:76,9,0,0
BRDA:82,10,0,2
BRDA:101,11,0,0
BRDA:121,12,0,3
BRDA:130,13,0,3
BRF:14
BRH:7
end_of_record
TN:
SF:src/pages/QuestionDetail.jsx
FN:5,QuestionDetail
FN:26,checkFavoriteStatus
FN:50,toggleExpand
FN:61,handleTranscriptUpdate
FN:98,resetFeedback
FN:116,handleToggleFavorite
FNF:6
FNH:6
FNDA:16,QuestionDetail
FNDA:4,checkFavoriteStatus
FNDA:2,toggleExpand
FNDA:1,handleTranscriptUpdate
FNDA:6,resetFeedback
FNDA:1,handleToggleFavorite
DA:1,1
DA:2,1
DA:3,1
DA:5,16
DA:6,16
DA:7,16
DA:8,16
DA:9,16
DA:10,16
DA:11,16
DA:12,16
DA:13,16
DA:16,16
DA:17,4
DA:18,4
DA:19,4
DA:20,16
DA:23,16
DA:24,4
DA:26,4
DA:27,4
DA:28,4
DA:29,4
DA:30,4
DA:31,4
DA:32,3
DA:33,3
DA:35,3
DA:36,3
DA:37,4
DA:38,1
DA:39,1
DA:40,4
DA:41,4
DA:42,4
DA:43,16
DA:45,16
DA:46,0
DA:47,0
DA:50,16
DA:51,2
DA:52,2
DA:53,2
DA:54,2
DA:55,2
DA:56,2
DA:57,2
DA:58,2
DA:61,16
DA:62,1
DA:63,0
DA:64,0
DA:65,0
DA:67,1
DA:69,1
DA:70,1
DA:71,1
DA:72,1
DA:73,1
DA:74,1
DA:75,1
DA:76,1
DA:77,1
DA:78,1
DA:79,1
DA:81,1
DA:83,1
DA:84,0
DA:85,0
DA:87,1
DA:88,1
DA:89,1
DA:90,1
DA:91,1
DA:92,1
DA:93,0
DA:94,0
DA:95,0
DA:96,1
DA:98,16
DA:99,6
DA:100,6
DA:101,6
DA:102,6
DA:103,6
DA:104,6
DA:106,16
DA:107,9
DA:108,1
DA:109,1
DA:111,1
DA:112,1
DA:113,1
DA:114,16
DA:116,16
DA:117,1
DA:118,1
DA:119,1
DA:120,1
DA:122,1
DA:123,1
DA:124,1
DA:125,1
DA:126,1
DA:127,1
DA:128,1
DA:129,0
DA:130,1
DA:132,1
DA:134,1
DA:135,1
DA:136,0
DA:137,0
DA:138,0
DA:139,1
DA:141,16
DA:142,16
DA:143,16
DA:144,16
DA:145,16
DA:146,16
DA:147,16
DA:148,16
DA:150,16
DA:151,16
DA:153,16
DA:154,16
DA:155,16
DA:157,16
DA:158,16
DA:159,16
DA:161,16
DA:162,16
DA:163,9
DA:164,9
DA:165,9
DA:166,9
DA:167,9
DA:168,9
DA:170,9
DA:171,9
DA:172,9
DA:173,9
DA:176,9
DA:177,3
DA:179,3
DA:182,9
DA:183,1
DA:185,1
DA:188,9
DA:189,1
DA:190,1
DA:191,1
DA:192,1
DA:194,1
DA:195,1
DA:196,1
DA:197,1
DA:199,1
DA:200,1
DA:201,1
DA:202,1
DA:204,1
DA:205,1
DA:206,1
DA:208,1
DA:209,1
DA:210,1
DA:211,1
DA:212,1
DA:214,1
DA:215,1
DA:216,1
DA:217,1
DA:218,1
DA:219,1
DA:220,1
DA:223,9
DA:224,0
DA:226,0
DA:227,0
DA:228,0
DA:229,0
DA:230,0
DA:232,0
DA:233,0
DA:234,0
DA:236,9
DA:238,16
DA:239,16
DA:241,16
DA:243,1
LF:192
LH:169
BRDA:5,0,0,16
BRDA:45,1,0,0
BRDA:148,2,0,1
BRDA:148,3,0,15
BRDA:150,4,0,1
BRDA:150,5,0,15
BRDA:162,6,0,9
BRDA:176,7,0,3
BRDA:182,8,0,1
BRDA:188,9,0,1
BRDA:223,10,0,0
BRDA:16,11,0,4
BRDA:23,12,0,4
BRDA:26,13,0,4
BRDA:31,14,0,3
BRDA:37,15,0,1
BRDA:50,16,0,2
BRDA:51,17,0,2
BRDA:61,18,0,1
BRDA:62,19,0,0
BRDA:83,20,0,0
BRDA:92,21,0,0
BRDA:98,22,0,6
BRDA:106,23,0,9
BRDA:107,24,0,1
BRDA:107,25,0,1
BRDA:107,26,0,1
BRDA:116,27,0,1
BRDA:117,28,0,0
BRDA:119,29,0,0
BRDA:120,30,0,0
BRDA:128,31,0,0
BRDA:132,32,0,0
BRDA:135,33,0,0
BRF:34
BRH:23
end_of_record
TN:
SF:src/pages/QuestionList.jsx
FN:3,QuestionList
FN:20,fetchQuestions
FN:49,handlePrev
FN:53,handleNext
FN:69,onChange
FN:89,onChange
FN:105,onClick
FNF:7
FNH:2
FNDA:4,QuestionList
FNDA:2,fetchQuestions
FNDA:0,handlePrev
FNDA:0,handleNext
FNDA:0,onChange
FNDA:0,onChange
FNDA:0,onClick
DA:1,1
DA:3,4
DA:4,4
DA:5,4
DA:6,4
DA:8,4
DA:9,4
DA:10,4
DA:12,4
DA:13,4
DA:15,4
DA:17,4
DA:19,4
DA:20,2
DA:21,2
DA:22,2
DA:23,2
DA:25,2
DA:26,2
DA:27,2
DA:28,2
DA:29,2
DA:31,2
DA:32,2
DA:33,2
DA:34,2
DA:35,1
DA:37,1
DA:38,1
DA:39,1
DA:40,1
DA:41,2
DA:42,2
DA:43,2
DA:44,2
DA:46,2
DA:47,4
DA:49,4
DA:50,0
DA:51,0
DA:53,4
DA:54,0
DA:55,0
DA:57,4
DA:58,0
DA:59,4
DA:61,4
DA:62,4
DA:64,4
DA:65,4
DA:66,4
DA:67,4
DA:68,4
DA:69,4
DA:70,0
DA:71,0
DA:72,0
DA:73,4
DA:75,4
DA:76,4
DA:77,4
DA:78,4
DA:79,4
DA:80,4
DA:81,4
DA:82,4
DA:83,4
DA:85,4
DA:86,4
DA:87,4
DA:88,4
DA:89,4
DA:90,0
DA:91,0
DA:92,0
DA:93,4
DA:95,4
DA:96,4
DA:97,4
DA:98,4
DA:99,4
DA:100,4
DA:102,4
DA:103,4
DA:104,4
DA:105,4
DA:106,4
DA:107,4
DA:108,4
DA:109,4
DA:111,4
DA:112,4
DA:113,4
DA:114,4
DA:117,4
DA:118,4
DA:120,4
DA:121,4
DA:122,4
DA:124,4
DA:125,4
DA:128,4
DA:129,2
DA:130,2
DA:131,1
DA:132,1
DA:133,0
DA:135,1
DA:136,2
DA:137,2
DA:138,2
DA:140,2
DA:141,2
DA:142,2
DA:143,0
DA:145,2
DA:146,2
DA:148,2
DA:149,2
DA:150,2
DA:151,2
DA:152,2
DA:153,2
DA:154,2
DA:155,1
DA:156,1
DA:157,0
DA:158,1
DA:159,2
DA:161,2
DA:162,2
DA:163,2
DA:164,2
DA:165,2
DA:166,1
DA:168,4
DA:170,4
DA:172,1
LF:138
LH:124
BRDA:3,0,0,4
BRDA:57,1,0,0
BRDA:107,2,0,0
BRDA:128,3,0,2
BRDA:129,4,0,2
BRDA:130,5,0,1
BRDA:131,6,0,1
BRDA:132,7,0,0
BRDA:19,8,0,2
BRDA:20,9,0,2
BRDA:28,10,0,0
BRDA:29,11,0,0
BRDA:34,12,0,1
BRDA:34,13,0,0
BRDA:40,14,0,0
BRDA:135,15,0,2
BRDA:142,16,0,0
BRDA:154,17,0,1
BRDA:155,18,0,1
BRDA:156,19,0,0
BRF:20
BRH:11
end_of_record
TN:
SF:src/pages/Questions.jsx
FN:5,Questions
FN:33,fetchQuestions
FN:66,handleFilter
FN:86,onChange
FN:104,onChange
FN:139,onClick
FN:147,onClick
FNF:7
FNH:2
FNDA:13,Questions
FNDA:3,fetchQuestions
FNDA:0,handleFilter
FNDA:0,onChange
FNDA:0,onChange
FNDA:0,onClick
FNDA:0,onClick
DA:1,1
DA:2,1
DA:3,1
DA:5,13
DA:6,13
DA:7,13
DA:8,13
DA:9,13
DA:10,13
DA:11,13
DA:12,13
DA:13,13
DA:15,13
DA:17,13
DA:18,4
DA:19,4
DA:20,4
DA:21,3
DA:22,4
DA:23,1
DA:24,1
DA:25,4
DA:27,4
DA:28,13
DA:30,13
DA:31,7
DA:33,3
DA:34,3
DA:35,3
DA:37,3
DA:38,3
DA:39,3
DA:40,3
DA:41,3
DA:42,3
DA:44,3
DA:45,3
DA:46,3
DA:47,3
DA:48,2
DA:49,2
DA:51,2
DA:52,2
DA:53,2
DA:54,3
DA:55,1
DA:56,1
DA:57,1
DA:58,3
DA:59,3
DA:60,3
DA:61,3
DA:63,3
DA:64,13
DA:66,13
DA:67,0
DA:68,0
DA:69,0
DA:71,13
DA:72,13
DA:73,13
DA:75,13
DA:78,13
DA:79,13
DA:80,13
DA:82,13
DA:83,13
DA:84,13
DA:85,13
DA:86,13
DA:87,13
DA:89,13
DA:90,13
DA:91,13
DA:92,13
DA:93,13
DA:94,13
DA:95,13
DA:97,13
DA:98,13
DA:99,13
DA:100,13
DA:101,13
DA:102,13
DA:103,13
DA:104,13
DA:105,13
DA:107,13
DA:108,13
DA:109,13
DA:110,13
DA:111,13
DA:112,13
DA:113,13
DA:115,13
DA:118,13
DA:119,4
DA:121,4
DA:122,9
DA:123,6
DA:124,3
DA:125,1
DA:126,2
DA:127,1
DA:129,1
DA:130,1
DA:131,2
DA:132,1
DA:133,1
DA:137,13
DA:138,13
DA:139,13
DA:140,13
DA:141,13
DA:142,13
DA:144,13
DA:145,13
DA:146,13
DA:147,13
DA:148,13
DA:149,13
DA:150,13
DA:152,13
DA:153,13
DA:154,13
DA:156,13
DA:158,1
LF:127
LH:124
BRDA:5,0,0,13
BRDA:118,1,0,4
BRDA:121,2,0,9
BRDA:122,3,0,6
BRDA:123,4,0,3
BRDA:124,5,0,1
BRDA:125,6,0,2
BRDA:126,7,0,1
BRDA:127,8,0,1
BRDA:140,9,0,0
BRDA:148,10,0,11
BRDA:17,11,0,4
BRDA:19,12,0,4
BRDA:20,13,0,3
BRDA:22,14,0,1
BRDA:27,15,0,4
BRDA:30,16,0,7
BRDA:31,17,0,4
BRDA:31,18,0,3
BRDA:33,19,0,3
BRDA:39,20,0,0
BRDA:40,21,0,0
BRDA:47,22,0,1
BRDA:47,23,0,2
BRDA:54,24,0,1
BRDA:130,25,0,2
BRF:26
BRH:23
end_of_record
